2025-09-15 23:38:12 = [INFO  ] - Running in undefined mode
2025-09-15 23:38:12 = [DEBUG ] - Attempting to connect to database 'sahab_test' with url: mongodb+srv://sahab:wQtWLpgj9pKp39dr@maincluster.ogtcqau.mongodb.net/?retryWrites=true&w=majority&appName=MainCluster&dbName=sahab_test
2025-09-15 23:38:12 = [INFO  ] - server running on port: http://localhost:3000
2025-09-15 23:38:13 = [INFO  ] - MongoDB connected successfully
2025-09-15 23:40:34 = [INFO  ] - Running in undefined mode
2025-09-15 23:40:34 = [DEBUG ] - Attempting to connect to database 'sahab_test' with url: mongodb+srv://sahab:wQtWLpgj9pKp39dr@maincluster.ogtcqau.mongodb.net/?retryWrites=true&w=majority&appName=MainCluster&dbName=sahab_test
2025-09-15 23:40:34 = [INFO  ] - server running on port: http://localhost:3000
2025-09-15 23:40:35 = [INFO  ] - MongoDB connected successfully
2025-09-15 23:40:37 = [INFO  ] - Running in undefined mode
2025-09-15 23:40:37 = [DEBUG ] - Attempting to connect to database 'sahab_test' with url: mongodb+srv://sahab:wQtWLpgj9pKp39dr@maincluster.ogtcqau.mongodb.net/?retryWrites=true&w=majority&appName=MainCluster&dbName=sahab_test
2025-09-15 23:40:37 = [INFO  ] - server running on port: http://localhost:3000
2025-09-15 23:40:38 = [INFO  ] - MongoDB connected successfully
2025-09-16 13:33:39 = [INFO  ] - Running in undefined mode
2025-09-16 13:33:39 = [DEBUG ] - Attempting to connect to database 'sahab_test' with url: mongodb+srv://sahab:wQtWLpgj9pKp39dr@maincluster.ogtcqau.mongodb.net/?retryWrites=true&w=majority&appName=MainCluster&dbName=sahab_test
2025-09-16 13:33:39 = [INFO  ] - server running on port: http://localhost:3000
2025-09-16 13:33:40 = [INFO  ] - MongoDB connected successfully
2025-09-16 13:39:47 = [INFO  ] - Running in undefined mode
2025-09-16 13:39:47 = [DEBUG ] - Attempting to connect to database 'sahab_test' with url: mongodb+srv://sahab:wQtWLpgj9pKp39dr@maincluster.ogtcqau.mongodb.net/?retryWrites=true&w=majority&appName=MainCluster&dbName=sahab_test
2025-09-16 13:39:47 = [INFO  ] - server running on port: http://localhost:3000
2025-09-16 13:39:48 = [INFO  ] - MongoDB connected successfully
2025-09-16 13:40:34 = [INFO  ] - Running in undefined mode
2025-09-16 13:40:34 = [DEBUG ] - Attempting to connect to database 'sahab_test' with url: mongodb+srv://sahab:wQtWLpgj9pKp39dr@maincluster.ogtcqau.mongodb.net/?retryWrites=true&w=majority&appName=MainCluster&dbName=sahab_test
2025-09-16 13:40:34 = [INFO  ] - server running on port: http://localhost:3000
2025-09-16 13:40:35 = [INFO  ] - MongoDB connected successfully
2025-09-16 13:41:11 = [INFO  ] - Running in undefined mode
2025-09-16 13:41:11 = [DEBUG ] - Attempting to connect to database 'sahab_test' with url: mongodb+srv://sahab:wQtWLpgj9pKp39dr@maincluster.ogtcqau.mongodb.net/?retryWrites=true&w=majority&appName=MainCluster&dbName=sahab_test
2025-09-16 13:41:11 = [INFO  ] - server running on port: http://localhost:3000
2025-09-16 13:41:12 = [INFO  ] - MongoDB connected successfully
2025-09-16 13:44:28 = [INFO  ] - Running in undefined mode
2025-09-16 13:44:28 = [DEBUG ] - Attempting to connect to database 'sahab_test' with url: mongodb+srv://sahab:wQtWLpgj9pKp39dr@maincluster.ogtcqau.mongodb.net/?retryWrites=true&w=majority&appName=MainCluster&dbName=sahab_test
2025-09-16 13:44:28 = [INFO  ] - server running on port: http://localhost:3000
2025-09-16 13:44:29 = [INFO  ] - MongoDB connected successfully
2025-09-16 13:44:43 = [INFO  ] - Running in undefined mode
2025-09-16 13:44:43 = [DEBUG ] - Attempting to connect to database 'sahab_test' with url: mongodb+srv://sahab:wQtWLpgj9pKp39dr@maincluster.ogtcqau.mongodb.net/?retryWrites=true&w=majority&appName=MainCluster&dbName=sahab_test
2025-09-16 13:44:43 = [INFO  ] - server running on port: http://localhost:3000
2025-09-16 13:44:43 = [INFO  ] - MongoDB connected successfully
2025-09-16 13:59:09 = [INFO  ] - Running in undefined mode
2025-09-16 13:59:09 = [DEBUG ] - Attempting to connect to database 'sahab_test' with url: mongodb+srv://sahab:wQtWLpgj9pKp39dr@maincluster.ogtcqau.mongodb.net/?retryWrites=true&w=majority&appName=MainCluster&dbName=sahab_test
2025-09-16 13:59:09 = [INFO  ] - server running on port: http://localhost:3000
2025-09-16 13:59:10 = [INFO  ] - MongoDB connected successfully
2025-09-16 13:59:47 = [INFO  ] - Running in undefined mode
2025-09-16 13:59:47 = [DEBUG ] - Attempting to connect to database 'sahab_test' with url: mongodb+srv://sahab:wQtWLpgj9pKp39dr@maincluster.ogtcqau.mongodb.net/?retryWrites=true&w=majority&appName=MainCluster&dbName=sahab_test
2025-09-16 13:59:47 = [INFO  ] - server running on port: http://localhost:3000
2025-09-16 13:59:47 = [INFO  ] - MongoDB connected successfully
2025-09-16 13:59:56 = [INFO  ] - Running in undefined mode
2025-09-16 13:59:56 = [DEBUG ] - Attempting to connect to database 'sahab_test' with url: mongodb+srv://sahab:wQtWLpgj9pKp39dr@maincluster.ogtcqau.mongodb.net/?retryWrites=true&w=majority&appName=MainCluster&dbName=sahab_test
2025-09-16 13:59:56 = [INFO  ] - server running on port: http://localhost:3000
2025-09-16 13:59:57 = [INFO  ] - Running in undefined mode
2025-09-16 13:59:57 = [DEBUG ] - Attempting to connect to database 'sahab_test' with url: mongodb+srv://sahab:wQtWLpgj9pKp39dr@maincluster.ogtcqau.mongodb.net/?retryWrites=true&w=majority&appName=MainCluster&dbName=sahab_test
2025-09-16 13:59:57 = [INFO  ] - server running on port: http://localhost:3000
2025-09-16 13:59:57 = [INFO  ] - MongoDB connected successfully
2025-09-16 14:17:49 = [INFO  ] - Running in undefined mode
2025-09-16 14:17:49 = [DEBUG ] - Attempting to connect to database 'sahab_test' with url: mongodb+srv://sahab:wQtWLpgj9pKp39dr@maincluster.ogtcqau.mongodb.net/?retryWrites=true&w=majority&appName=MainCluster&dbName=sahab_test
2025-09-16 14:17:49 = [INFO  ] - server running on port: http://localhost:3000
2025-09-16 14:17:50 = [INFO  ] - MongoDB connected successfully
2025-09-16 14:18:09 = [INFO  ] - Running in undefined mode
2025-09-16 14:18:09 = [DEBUG ] - Attempting to connect to database 'sahab_test' with url: mongodb+srv://sahab:wQtWLpgj9pKp39dr@maincluster.ogtcqau.mongodb.net/?retryWrites=true&w=majority&appName=MainCluster&dbName=sahab_test
2025-09-16 14:18:09 = [INFO  ] - server running on port: http://localhost:3000
2025-09-16 14:18:09 = [INFO  ] - MongoDB connected successfully
2025-09-16 14:21:48 = [INFO  ] - Running in undefined mode
2025-09-16 14:21:48 = [DEBUG ] - Attempting to connect to database 'sahab_test' with url: mongodb+srv://sahab:wQtWLpgj9pKp39dr@maincluster.ogtcqau.mongodb.net/?retryWrites=true&w=majority&appName=MainCluster&dbName=sahab_test
2025-09-16 14:21:48 = [INFO  ] - server running on port: http://localhost:3000
2025-09-16 14:21:49 = [INFO  ] - MongoDB connected successfully
2025-09-16 14:23:17 = [INFO  ] - Running in undefined mode
2025-09-16 14:23:17 = [DEBUG ] - Attempting to connect to database 'sahab_test' with url: mongodb+srv://sahab:wQtWLpgj9pKp39dr@maincluster.ogtcqau.mongodb.net/?retryWrites=true&w=majority&appName=MainCluster&dbName=sahab_test
2025-09-16 14:23:17 = [INFO  ] - server running on port: http://localhost:3000
2025-09-16 14:23:18 = [INFO  ] - MongoDB connected successfully
2025-09-16 14:30:12 = [INFO  ] - Running in undefined mode
2025-09-16 14:30:12 = [DEBUG ] - Attempting to connect to database 'sahab_test' with url: mongodb+srv://sahab:wQtWLpgj9pKp39dr@maincluster.ogtcqau.mongodb.net/?retryWrites=true&w=majority&appName=MainCluster&dbName=sahab_test
2025-09-16 14:30:12 = [INFO  ] - server running on port: http://localhost:3000
2025-09-16 14:30:13 = [INFO  ] - MongoDB connected successfully
2025-09-16 14:30:40 = [INFO  ] - Running in undefined mode
2025-09-16 14:30:40 = [DEBUG ] - Attempting to connect to database 'sahab_test' with url: mongodb+srv://sahab:wQtWLpgj9pKp39dr@maincluster.ogtcqau.mongodb.net/?retryWrites=true&w=majority&appName=MainCluster&dbName=sahab_test
2025-09-16 14:30:40 = [INFO  ] - server running on port: http://localhost:3000
2025-09-16 14:30:41 = [INFO  ] - MongoDB connected successfully
2025-09-16 14:30:42 = [INFO  ] - Running in undefined mode
2025-09-16 14:30:42 = [DEBUG ] - Attempting to connect to database 'sahab_test' with url: mongodb+srv://sahab:wQtWLpgj9pKp39dr@maincluster.ogtcqau.mongodb.net/?retryWrites=true&w=majority&appName=MainCluster&dbName=sahab_test
2025-09-16 14:30:42 = [INFO  ] - server running on port: http://localhost:3000
2025-09-16 14:30:43 = [INFO  ] - MongoDB connected successfully
2025-09-16 14:31:00 = [INFO  ] - Running in undefined mode
2025-09-16 14:31:00 = [DEBUG ] - Attempting to connect to database 'sahab_test' with url: mongodb+srv://sahab:wQtWLpgj9pKp39dr@maincluster.ogtcqau.mongodb.net/?retryWrites=true&w=majority&appName=MainCluster&dbName=sahab_test
2025-09-16 14:31:00 = [INFO  ] - server running on port: http://localhost:3000
2025-09-16 14:31:01 = [INFO  ] - MongoDB connected successfully
2025-09-16 14:32:07 = [INFO  ] - Running in undefined mode
2025-09-16 14:32:07 = [DEBUG ] - Attempting to connect to database 'sahab_test' with url: mongodb+srv://sahab:wQtWLpgj9pKp39dr@maincluster.ogtcqau.mongodb.net/?retryWrites=true&w=majority&appName=MainCluster&dbName=sahab_test
2025-09-16 14:32:07 = [INFO  ] - server running on port: http://localhost:3000
2025-09-16 14:32:08 = [INFO  ] - MongoDB connected successfully
2025-09-16 14:32:45 = [INFO  ] - Running in undefined mode
2025-09-16 14:32:45 = [DEBUG ] - Attempting to connect to database 'sahab_test' with url: mongodb+srv://sahab:wQtWLpgj9pKp39dr@maincluster.ogtcqau.mongodb.net/?retryWrites=true&w=majority&appName=MainCluster&dbName=sahab_test
2025-09-16 14:32:45 = [INFO  ] - server running on port: http://localhost:3000
2025-09-16 14:32:46 = [INFO  ] - MongoDB connected successfully
2025-09-16 14:32:53 = [INFO  ] - Client created: 68c9ad55fee6f821e6a28447
2025-09-16 14:39:12 = [INFO  ] - Running in undefined mode
2025-09-16 14:39:12 = [DEBUG ] - Attempting to connect to database 'sahab_test' with url: mongodb+srv://sahab:wQtWLpgj9pKp39dr@maincluster.ogtcqau.mongodb.net/?retryWrites=true&w=majority&appName=MainCluster&dbName=sahab_test
2025-09-16 14:39:12 = [INFO  ] - server running on port: http://localhost:3000
2025-09-16 14:39:12 = [INFO  ] - MongoDB connected successfully
2025-09-16 14:42:06 = [INFO  ] - Running in undefined mode
2025-09-16 14:42:06 = [DEBUG ] - Attempting to connect to database 'sahab_test' with url: mongodb+srv://sahab:wQtWLpgj9pKp39dr@maincluster.ogtcqau.mongodb.net/?retryWrites=true&w=majority&appName=MainCluster&dbName=sahab_test
2025-09-16 14:42:06 = [INFO  ] - server running on port: http://localhost:3000
2025-09-16 14:42:07 = [INFO  ] - MongoDB connected successfully
2025-09-16 14:44:28 = [INFO  ] - Running in undefined mode
2025-09-16 14:44:28 = [DEBUG ] - Attempting to connect to database 'sahab_test' with url: mongodb+srv://sahab:wQtWLpgj9pKp39dr@maincluster.ogtcqau.mongodb.net/?retryWrites=true&w=majority&appName=MainCluster&dbName=sahab_test
2025-09-16 14:44:28 = [INFO  ] - server running on port: http://localhost:3000
2025-09-16 14:44:29 = [INFO  ] - MongoDB connected successfully
2025-09-16 14:45:03 = [INFO  ] - Running in undefined mode
2025-09-16 14:45:03 = [DEBUG ] - Attempting to connect to database 'sahab_test' with url: mongodb+srv://sahab:wQtWLpgj9pKp39dr@maincluster.ogtcqau.mongodb.net/?retryWrites=true&w=majority&appName=MainCluster&dbName=sahab_test
2025-09-16 14:45:03 = [INFO  ] - server running on port: http://localhost:3000
2025-09-16 14:45:04 = [INFO  ] - MongoDB connected successfully
2025-09-16 14:45:38 = [INFO  ] - Running in undefined mode
2025-09-16 14:45:38 = [DEBUG ] - Attempting to connect to database 'sahab_test' with url: mongodb+srv://sahab:wQtWLpgj9pKp39dr@maincluster.ogtcqau.mongodb.net/?retryWrites=true&w=majority&appName=MainCluster&dbName=sahab_test
2025-09-16 14:45:38 = [INFO  ] - server running on port: http://localhost:3000
2025-09-16 14:45:38 = [INFO  ] - MongoDB connected successfully
2025-09-16 14:49:31 = [INFO  ] - Running in undefined mode
2025-09-16 14:49:31 = [DEBUG ] - Attempting to connect to database 'sahab_test' with url: mongodb+srv://sahab:wQtWLpgj9pKp39dr@maincluster.ogtcqau.mongodb.net/?retryWrites=true&w=majority&appName=MainCluster&dbName=sahab_test
2025-09-16 14:49:31 = [INFO  ] - server running on port: http://localhost:3000
2025-09-16 14:49:32 = [INFO  ] - MongoDB connected successfully
2025-09-16 14:50:16 = [INFO  ] - Running in undefined mode
2025-09-16 14:50:16 = [DEBUG ] - Attempting to connect to database 'sahab_test' with url: mongodb+srv://sahab:wQtWLpgj9pKp39dr@maincluster.ogtcqau.mongodb.net/?retryWrites=true&w=majority&appName=MainCluster&dbName=sahab_test
2025-09-16 14:50:16 = [INFO  ] - server running on port: http://localhost:3000
2025-09-16 14:50:16 = [INFO  ] - MongoDB connected successfully
2025-09-16 14:51:31 = [INFO  ] - Running in undefined mode
2025-09-16 14:51:31 = [DEBUG ] - Attempting to connect to database 'sahab_test' with url: mongodb+srv://sahab:wQtWLpgj9pKp39dr@maincluster.ogtcqau.mongodb.net/?retryWrites=true&w=majority&appName=MainCluster&dbName=sahab_test
2025-09-16 14:51:31 = [INFO  ] - server running on port: http://localhost:3000
2025-09-16 14:51:32 = [INFO  ] - MongoDB connected successfully
2025-09-16 14:51:42 = [INFO  ] - Running in undefined mode
2025-09-16 14:51:42 = [DEBUG ] - Attempting to connect to database 'sahab_test' with url: mongodb+srv://sahab:wQtWLpgj9pKp39dr@maincluster.ogtcqau.mongodb.net/?retryWrites=true&w=majority&appName=MainCluster&dbName=sahab_test
2025-09-16 14:51:42 = [INFO  ] - server running on port: http://localhost:3000
2025-09-16 14:51:43 = [INFO  ] - MongoDB connected successfully
2025-09-16 14:51:49 = [INFO  ] - Running in undefined mode
2025-09-16 14:51:49 = [DEBUG ] - Attempting to connect to database 'sahab_test' with url: mongodb+srv://sahab:wQtWLpgj9pKp39dr@maincluster.ogtcqau.mongodb.net/?retryWrites=true&w=majority&appName=MainCluster&dbName=sahab_test
2025-09-16 14:51:49 = [INFO  ] - server running on port: http://localhost:3000
2025-09-16 14:51:50 = [INFO  ] - MongoDB connected successfully
2025-09-16 14:52:19 = [INFO  ] - Running in undefined mode
2025-09-16 14:52:19 = [DEBUG ] - Attempting to connect to database 'sahab_test' with url: mongodb+srv://sahab:wQtWLpgj9pKp39dr@maincluster.ogtcqau.mongodb.net/?retryWrites=true&w=majority&appName=MainCluster&dbName=sahab_test
2025-09-16 14:52:19 = [INFO  ] - server running on port: http://localhost:3000
2025-09-16 14:52:19 = [INFO  ] - MongoDB connected successfully
2025-09-16 14:52:49 = [INFO  ] - Running in undefined mode
2025-09-16 14:52:49 = [DEBUG ] - Attempting to connect to database 'sahab_test' with url: mongodb+srv://sahab:wQtWLpgj9pKp39dr@maincluster.ogtcqau.mongodb.net/?retryWrites=true&w=majority&appName=MainCluster&dbName=sahab_test
2025-09-16 14:52:49 = [INFO  ] - server running on port: http://localhost:3000
2025-09-16 14:52:50 = [INFO  ] - MongoDB connected successfully
2025-09-16 14:56:46 = [INFO  ] - Running in undefined mode
2025-09-16 14:56:46 = [DEBUG ] - Attempting to connect to database 'sahab_test' with url: mongodb+srv://sahab:wQtWLpgj9pKp39dr@maincluster.ogtcqau.mongodb.net/?retryWrites=true&w=majority&appName=MainCluster&dbName=sahab_test
2025-09-16 14:56:46 = [INFO  ] - server running on port: http://localhost:3000
2025-09-16 14:56:47 = [INFO  ] - MongoDB connected successfully
2025-09-16 14:58:52 = [INFO  ] - Running in undefined mode
2025-09-16 14:58:52 = [DEBUG ] - Attempting to connect to database 'sahab_test' with url: mongodb+srv://sahab:wQtWLpgj9pKp39dr@maincluster.ogtcqau.mongodb.net/?retryWrites=true&w=majority&appName=MainCluster&dbName=sahab_test
2025-09-16 14:58:52 = [INFO  ] - server running on port: http://localhost:3000
2025-09-16 14:58:53 = [INFO  ] - MongoDB connected successfully
2025-09-16 14:59:51 = [INFO  ] - Running in undefined mode
2025-09-16 14:59:51 = [DEBUG ] - Attempting to connect to database 'sahab_test' with url: mongodb+srv://sahab:wQtWLpgj9pKp39dr@maincluster.ogtcqau.mongodb.net/?retryWrites=true&w=majority&appName=MainCluster&dbName=sahab_test
2025-09-16 14:59:51 = [INFO  ] - server running on port: http://localhost:3000
2025-09-16 14:59:53 = [INFO  ] - Running in undefined mode
2025-09-16 14:59:53 = [DEBUG ] - Attempting to connect to database 'sahab_test' with url: mongodb+srv://sahab:wQtWLpgj9pKp39dr@maincluster.ogtcqau.mongodb.net/?retryWrites=true&w=majority&appName=MainCluster&dbName=sahab_test
2025-09-16 14:59:53 = [INFO  ] - server running on port: http://localhost:3000
2025-09-16 14:59:53 = [INFO  ] - MongoDB connected successfully
2025-09-16 15:05:27 = [INFO  ] - Running in undefined mode
2025-09-16 15:05:27 = [DEBUG ] - Attempting to connect to database 'sahab_test' with url: mongodb+srv://sahab:wQtWLpgj9pKp39dr@maincluster.ogtcqau.mongodb.net/?retryWrites=true&w=majority&appName=MainCluster&dbName=sahab_test
2025-09-16 15:05:27 = [INFO  ] - server running on port: http://localhost:3000
2025-09-16 15:05:28 = [INFO  ] - MongoDB connected successfully
2025-09-16 15:07:26 = [INFO  ] - Client deleted: 68c9ad55fee6f821e6a28447
2025-09-16 15:07:34 = [INFO  ] - Client created: 68c9b576671bf2eb4246cbc5
2025-09-16 15:07:53 = [INFO  ] - Client deleted: 68c9b576671bf2eb4246cbc5
2025-09-16 15:07:57 = [INFO  ] - Client created: 68c9b58d671bf2eb4246cbdd
2025-09-16 15:10:44 = [INFO  ] - Running in undefined mode
2025-09-16 15:10:44 = [DEBUG ] - Attempting to connect to database 'sahab_test' with url: mongodb+srv://sahab:wQtWLpgj9pKp39dr@maincluster.ogtcqau.mongodb.net/?retryWrites=true&w=majority&appName=MainCluster&dbName=sahab_test
2025-09-16 15:10:44 = [INFO  ] - server running on port: http://localhost:3000
2025-09-16 15:10:44 = [INFO  ] - MongoDB connected successfully
2025-09-16 15:10:46 = [INFO  ] - Running in undefined mode
2025-09-16 15:10:46 = [DEBUG ] - Attempting to connect to database 'sahab_test' with url: mongodb+srv://sahab:wQtWLpgj9pKp39dr@maincluster.ogtcqau.mongodb.net/?retryWrites=true&w=majority&appName=MainCluster&dbName=sahab_test
2025-09-16 15:10:46 = [INFO  ] - server running on port: http://localhost:3000
2025-09-16 15:10:47 = [INFO  ] - MongoDB connected successfully
2025-09-16 15:13:07 = [INFO  ] - Running in undefined mode
2025-09-16 15:13:07 = [DEBUG ] - Attempting to connect to database 'sahab_test' with url: mongodb+srv://sahab:wQtWLpgj9pKp39dr@maincluster.ogtcqau.mongodb.net/?retryWrites=true&w=majority&appName=MainCluster&dbName=sahab_test
2025-09-16 15:13:07 = [INFO  ] - server running on port: http://localhost:3000
2025-09-16 15:13:08 = [INFO  ] - MongoDB connected successfully
2025-09-16 15:13:15 = [INFO  ] - Running in undefined mode
2025-09-16 15:13:15 = [DEBUG ] - Attempting to connect to database 'sahab_test' with url: mongodb+srv://sahab:wQtWLpgj9pKp39dr@maincluster.ogtcqau.mongodb.net/?retryWrites=true&w=majority&appName=MainCluster&dbName=sahab_test
2025-09-16 15:13:15 = [INFO  ] - server running on port: http://localhost:3000
2025-09-16 15:13:15 = [INFO  ] - MongoDB connected successfully
2025-09-16 15:15:08 = [INFO  ] - Running in undefined mode
2025-09-16 15:15:08 = [DEBUG ] - Attempting to connect to database 'sahab_test' with url: mongodb+srv://sahab:wQtWLpgj9pKp39dr@maincluster.ogtcqau.mongodb.net/?retryWrites=true&w=majority&appName=MainCluster&dbName=sahab_test
2025-09-16 15:15:08 = [INFO  ] - server running on port: http://localhost:3000
2025-09-16 15:15:09 = [INFO  ] - MongoDB connected successfully
2025-09-16 15:15:20 = [INFO  ] - Running in undefined mode
2025-09-16 15:15:20 = [DEBUG ] - Attempting to connect to database 'sahab_test' with url: mongodb+srv://sahab:wQtWLpgj9pKp39dr@maincluster.ogtcqau.mongodb.net/?retryWrites=true&w=majority&appName=MainCluster&dbName=sahab_test
2025-09-16 15:15:20 = [INFO  ] - server running on port: http://localhost:3000
2025-09-16 15:15:21 = [INFO  ] - MongoDB connected successfully
2025-09-16 15:15:21 = [DEBUG ] - Fetched 0 proposals and 0 invoices for client 68c9b58d671bf2eb4246cbdd
2025-09-16 15:17:30 = [INFO  ] - Running in undefined mode
2025-09-16 15:17:30 = [DEBUG ] - Attempting to connect to database 'sahab_test' with url: mongodb+srv://sahab:wQtWLpgj9pKp39dr@maincluster.ogtcqau.mongodb.net/?retryWrites=true&w=majority&appName=MainCluster&dbName=sahab_test
2025-09-16 15:17:30 = [INFO  ] - server running on port: http://localhost:3000
2025-09-16 15:17:31 = [INFO  ] - MongoDB connected successfully
2025-09-16 15:18:43 = [INFO  ] - Running in undefined mode
2025-09-16 15:18:43 = [DEBUG ] - Attempting to connect to database 'sahab_test' with url: mongodb+srv://sahab:wQtWLpgj9pKp39dr@maincluster.ogtcqau.mongodb.net/?retryWrites=true&w=majority&appName=MainCluster&dbName=sahab_test
2025-09-16 15:18:43 = [INFO  ] - server running on port: http://localhost:3000
2025-09-16 15:18:44 = [INFO  ] - MongoDB connected successfully
2025-09-16 15:19:34 = [INFO  ] - Running in undefined mode
2025-09-16 15:19:34 = [DEBUG ] - Attempting to connect to database 'sahab_test' with url: mongodb+srv://sahab:wQtWLpgj9pKp39dr@maincluster.ogtcqau.mongodb.net/?retryWrites=true&w=majority&appName=MainCluster&dbName=sahab_test
2025-09-16 15:19:34 = [INFO  ] - server running on port: http://localhost:3000
2025-09-16 15:19:35 = [INFO  ] - MongoDB connected successfully
2025-09-16 15:28:35 = [INFO  ] - Running in undefined mode
2025-09-16 15:28:35 = [DEBUG ] - Attempting to connect to database 'sahab_test' with url: mongodb+srv://sahab:wQtWLpgj9pKp39dr@maincluster.ogtcqau.mongodb.net/?retryWrites=true&w=majority&appName=MainCluster&dbName=sahab_test
2025-09-16 15:28:35 = [INFO  ] - server running on port: http://localhost:3000
2025-09-16 15:28:35 = [INFO  ] - MongoDB connected successfully
2025-09-16 15:30:41 = [INFO  ] - Client updated: 68c9b58d671bf2eb4246cbdd
2025-09-16 15:39:08 = [INFO  ] - Running in undefined mode
2025-09-16 15:39:08 = [DEBUG ] - Attempting to connect to database 'sahab_test' with url: mongodb+srv://sahab:wQtWLpgj9pKp39dr@maincluster.ogtcqau.mongodb.net/?retryWrites=true&w=majority&appName=MainCluster&dbName=sahab_test
2025-09-16 15:39:08 = [INFO  ] - server running on port: http://localhost:3000
2025-09-16 15:39:08 = [INFO  ] - MongoDB connected successfully
2025-09-16 15:39:43 = [INFO  ] - Running in undefined mode
2025-09-16 15:39:43 = [DEBUG ] - Attempting to connect to database 'sahab_test' with url: mongodb+srv://sahab:wQtWLpgj9pKp39dr@maincluster.ogtcqau.mongodb.net/?retryWrites=true&w=majority&appName=MainCluster&dbName=sahab_test
2025-09-16 15:39:43 = [INFO  ] - server running on port: http://localhost:3000
2025-09-16 15:39:44 = [INFO  ] - MongoDB connected successfully
2025-09-16 15:39:49 = [INFO  ] - Running in undefined mode
2025-09-16 15:39:49 = [DEBUG ] - Attempting to connect to database 'sahab_test' with url: mongodb+srv://sahab:wQtWLpgj9pKp39dr@maincluster.ogtcqau.mongodb.net/?retryWrites=true&w=majority&appName=MainCluster&dbName=sahab_test
2025-09-16 15:39:49 = [INFO  ] - server running on port: http://localhost:3000
2025-09-16 15:39:50 = [INFO  ] - MongoDB connected successfully
2025-09-16 15:39:52 = [INFO  ] - Running in undefined mode
2025-09-16 15:39:52 = [DEBUG ] - Attempting to connect to database 'sahab_test' with url: mongodb+srv://sahab:wQtWLpgj9pKp39dr@maincluster.ogtcqau.mongodb.net/?retryWrites=true&w=majority&appName=MainCluster&dbName=sahab_test
2025-09-16 15:39:52 = [INFO  ] - server running on port: http://localhost:3000
2025-09-16 15:39:53 = [INFO  ] - MongoDB connected successfully
2025-09-16 15:40:03 = [ERROR ] - Create invoice error: Invoice validation failed: invoiceNumber: Path `invoiceNumber` is required.
2025-09-16 15:40:28 = [INFO  ] - Running in undefined mode
2025-09-16 15:40:28 = [DEBUG ] - Attempting to connect to database 'sahab_test' with url: mongodb+srv://sahab:wQtWLpgj9pKp39dr@maincluster.ogtcqau.mongodb.net/?retryWrites=true&w=majority&appName=MainCluster&dbName=sahab_test
2025-09-16 15:40:28 = [INFO  ] - server running on port: http://localhost:3000
2025-09-16 15:40:29 = [INFO  ] - MongoDB connected successfully
2025-09-16 15:40:30 = [INFO  ] - Invoice created: 68c9bd2e1ff8e4493ef07890
2025-09-16 15:41:03 = [INFO  ] - Invoice deleted: 68c9bd2e1ff8e4493ef07890
2025-09-16 15:41:12 = [INFO  ] - Invoice created: 68c9bd581ff8e4493ef078b6
2025-09-16 15:41:40 = [INFO  ] - Running in undefined mode
2025-09-16 15:41:40 = [DEBUG ] - Attempting to connect to database 'sahab_test' with url: mongodb+srv://sahab:wQtWLpgj9pKp39dr@maincluster.ogtcqau.mongodb.net/?retryWrites=true&w=majority&appName=MainCluster&dbName=sahab_test
2025-09-16 15:41:40 = [INFO  ] - server running on port: http://localhost:3000
2025-09-16 15:41:40 = [INFO  ] - MongoDB connected successfully
2025-09-16 15:41:45 = [INFO  ] - Invoice deleted: 68c9bd581ff8e4493ef078b6
2025-09-16 15:41:55 = [INFO  ] - Invoice created: 68c9bd83ff907f4afbdb7028
2025-09-16 15:47:41 = [INFO  ] - Running in undefined mode
2025-09-16 15:47:41 = [DEBUG ] - Attempting to connect to database 'sahab_test' with url: mongodb+srv://sahab:wQtWLpgj9pKp39dr@maincluster.ogtcqau.mongodb.net/?retryWrites=true&w=majority&appName=MainCluster&dbName=sahab_test
2025-09-16 15:47:41 = [INFO  ] - server running on port: http://localhost:3000
2025-09-16 15:47:42 = [INFO  ] - MongoDB connected successfully
2025-09-16 15:47:59 = [INFO  ] - Invoice updated: 68c9bd83ff907f4afbdb7028
2025-09-16 15:48:28 = [INFO  ] - Running in undefined mode
2025-09-16 15:48:28 = [DEBUG ] - Attempting to connect to database 'sahab_test' with url: mongodb+srv://sahab:wQtWLpgj9pKp39dr@maincluster.ogtcqau.mongodb.net/?retryWrites=true&w=majority&appName=MainCluster&dbName=sahab_test
2025-09-16 15:48:28 = [INFO  ] - server running on port: http://localhost:3000
2025-09-16 15:48:29 = [INFO  ] - MongoDB connected successfully
2025-09-16 15:48:33 = [INFO  ] - Invoice updated: 68c9bd83ff907f4afbdb7028
2025-09-16 15:50:04 = [INFO  ] - Running in undefined mode
2025-09-16 15:50:04 = [DEBUG ] - Attempting to connect to database 'sahab_test' with url: mongodb+srv://sahab:wQtWLpgj9pKp39dr@maincluster.ogtcqau.mongodb.net/?retryWrites=true&w=majority&appName=MainCluster&dbName=sahab_test
2025-09-16 15:50:04 = [INFO  ] - server running on port: http://localhost:3000
2025-09-16 15:50:05 = [INFO  ] - MongoDB connected successfully
2025-09-16 15:50:10 = [INFO  ] - Invoice updated: 68c9bd83ff907f4afbdb7028
2025-09-16 15:55:14 = [INFO  ] - Running in undefined mode
2025-09-16 15:55:14 = [DEBUG ] - Attempting to connect to database 'sahab_test' with url: mongodb+srv://sahab:wQtWLpgj9pKp39dr@maincluster.ogtcqau.mongodb.net/?retryWrites=true&w=majority&appName=MainCluster&dbName=sahab_test
2025-09-16 15:55:14 = [INFO  ] - server running on port: http://localhost:3000
2025-09-16 15:55:15 = [INFO  ] - MongoDB connected successfully
2025-09-16 15:56:00 = [INFO  ] - Running in undefined mode
2025-09-16 15:56:00 = [DEBUG ] - Attempting to connect to database 'sahab_test' with url: mongodb+srv://sahab:wQtWLpgj9pKp39dr@maincluster.ogtcqau.mongodb.net/?retryWrites=true&w=majority&appName=MainCluster&dbName=sahab_test
2025-09-16 15:56:00 = [INFO  ] - server running on port: http://localhost:3000
2025-09-16 15:56:01 = [INFO  ] - MongoDB connected successfully
2025-09-16 15:56:36 = [INFO  ] - Running in undefined mode
2025-09-16 15:56:36 = [DEBUG ] - Attempting to connect to database 'sahab_test' with url: mongodb+srv://sahab:wQtWLpgj9pKp39dr@maincluster.ogtcqau.mongodb.net/?retryWrites=true&w=majority&appName=MainCluster&dbName=sahab_test
2025-09-16 15:56:36 = [INFO  ] - server running on port: http://localhost:3000
2025-09-16 15:56:37 = [INFO  ] - MongoDB connected successfully
2025-09-16 15:56:49 = [INFO  ] - Running in undefined mode
2025-09-16 15:56:49 = [DEBUG ] - Attempting to connect to database 'sahab_test' with url: mongodb+srv://sahab:wQtWLpgj9pKp39dr@maincluster.ogtcqau.mongodb.net/?retryWrites=true&w=majority&appName=MainCluster&dbName=sahab_test
2025-09-16 15:56:49 = [INFO  ] - server running on port: http://localhost:3000
2025-09-16 15:56:50 = [INFO  ] - MongoDB connected successfully
2025-09-16 16:02:15 = [INFO  ] - Running in undefined mode
2025-09-16 16:02:15 = [DEBUG ] - Attempting to connect to database 'sahab_test' with url: mongodb+srv://sahab:wQtWLpgj9pKp39dr@maincluster.ogtcqau.mongodb.net/?retryWrites=true&w=majority&appName=MainCluster&dbName=sahab_test
2025-09-16 16:02:15 = [INFO  ] - server running on port: http://localhost:3000
2025-09-16 16:02:16 = [INFO  ] - MongoDB connected successfully
2025-09-16 16:07:15 = [INFO  ] - Running in undefined mode
2025-09-16 16:07:15 = [DEBUG ] - Attempting to connect to database 'sahab_test' with url: mongodb+srv://sahab:wQtWLpgj9pKp39dr@maincluster.ogtcqau.mongodb.net/?retryWrites=true&w=majority&appName=MainCluster&dbName=sahab_test
2025-09-16 16:07:15 = [INFO  ] - server running on port: http://localhost:3000
2025-09-16 16:07:15 = [INFO  ] - MongoDB connected successfully
2025-09-16 16:08:47 = [INFO  ] - Running in undefined mode
2025-09-16 16:08:47 = [DEBUG ] - Attempting to connect to database 'sahab_test' with url: mongodb+srv://sahab:wQtWLpgj9pKp39dr@maincluster.ogtcqau.mongodb.net/?retryWrites=true&w=majority&appName=MainCluster&dbName=sahab_test
2025-09-16 16:08:47 = [INFO  ] - server running on port: http://localhost:3000
2025-09-16 16:08:48 = [INFO  ] - MongoDB connected successfully
2025-09-16 16:13:44 = [INFO  ] - Running in undefined mode
2025-09-16 16:13:44 = [DEBUG ] - Attempting to connect to database 'sahab_test' with url: mongodb+srv://sahab:wQtWLpgj9pKp39dr@maincluster.ogtcqau.mongodb.net/?retryWrites=true&w=majority&appName=MainCluster&dbName=sahab_test
2025-09-16 16:13:44 = [INFO  ] - server running on port: http://localhost:3000
2025-09-16 16:13:46 = [INFO  ] - MongoDB connected successfully
2025-09-16 16:14:03 = [INFO  ] - Running in undefined mode
2025-09-16 16:14:03 = [DEBUG ] - Attempting to connect to database 'sahab_test' with url: mongodb+srv://sahab:wQtWLpgj9pKp39dr@maincluster.ogtcqau.mongodb.net/?retryWrites=true&w=majority&appName=MainCluster&dbName=sahab_test
2025-09-16 16:14:03 = [INFO  ] - server running on port: http://localhost:3000
2025-09-16 16:14:03 = [INFO  ] - MongoDB connected successfully
2025-09-16 16:14:27 = [INFO  ] - Running in undefined mode
2025-09-16 16:14:27 = [DEBUG ] - Attempting to connect to database 'sahab_test' with url: mongodb+srv://sahab:wQtWLpgj9pKp39dr@maincluster.ogtcqau.mongodb.net/?retryWrites=true&w=majority&appName=MainCluster&dbName=sahab_test
2025-09-16 16:14:27 = [INFO  ] - server running on port: http://localhost:3000
2025-09-16 16:14:28 = [INFO  ] - MongoDB connected successfully
2025-09-16 16:14:33 = [INFO  ] - Running in undefined mode
2025-09-16 16:14:33 = [DEBUG ] - Attempting to connect to database 'sahab_test' with url: mongodb+srv://sahab:wQtWLpgj9pKp39dr@maincluster.ogtcqau.mongodb.net/?retryWrites=true&w=majority&appName=MainCluster&dbName=sahab_test
2025-09-16 16:14:33 = [INFO  ] - server running on port: http://localhost:3000
2025-09-16 16:14:33 = [INFO  ] - MongoDB connected successfully
2025-09-16 16:15:11 = [INFO  ] - Running in undefined mode
2025-09-16 16:15:11 = [DEBUG ] - Attempting to connect to database 'sahab_test' with url: mongodb+srv://sahab:wQtWLpgj9pKp39dr@maincluster.ogtcqau.mongodb.net/?retryWrites=true&w=majority&appName=MainCluster&dbName=sahab_test
2025-09-16 16:15:11 = [INFO  ] - server running on port: http://localhost:3000
2025-09-16 16:15:12 = [INFO  ] - MongoDB connected successfully
2025-09-16 16:16:15 = [INFO  ] - Running in undefined mode
2025-09-16 16:16:15 = [DEBUG ] - Attempting to connect to database 'sahab_test' with url: mongodb+srv://sahab:wQtWLpgj9pKp39dr@maincluster.ogtcqau.mongodb.net/?retryWrites=true&w=majority&appName=MainCluster&dbName=sahab_test
2025-09-16 16:16:15 = [INFO  ] - server running on port: http://localhost:3000
2025-09-16 16:16:15 = [INFO  ] - MongoDB connected successfully
2025-09-16 16:17:15 = [INFO  ] - Running in undefined mode
2025-09-16 16:17:15 = [DEBUG ] - Attempting to connect to database 'sahab_test' with url: mongodb+srv://sahab:wQtWLpgj9pKp39dr@maincluster.ogtcqau.mongodb.net/?retryWrites=true&w=majority&appName=MainCluster&dbName=sahab_test
2025-09-16 16:17:15 = [INFO  ] - server running on port: http://localhost:3000
2025-09-16 16:17:16 = [INFO  ] - MongoDB connected successfully
2025-09-16 16:18:25 = [INFO  ] - Running in undefined mode
2025-09-16 16:18:25 = [DEBUG ] - Attempting to connect to database 'sahab_test' with url: mongodb+srv://sahab:wQtWLpgj9pKp39dr@maincluster.ogtcqau.mongodb.net/?retryWrites=true&w=majority&appName=MainCluster&dbName=sahab_test
2025-09-16 16:18:25 = [INFO  ] - server running on port: http://localhost:3000
2025-09-16 16:18:26 = [INFO  ] - MongoDB connected successfully
2025-09-16 16:18:33 = [INFO  ] - Running in undefined mode
2025-09-16 16:18:33 = [DEBUG ] - Attempting to connect to database 'sahab_test' with url: mongodb+srv://sahab:wQtWLpgj9pKp39dr@maincluster.ogtcqau.mongodb.net/?retryWrites=true&w=majority&appName=MainCluster&dbName=sahab_test
2025-09-16 16:18:33 = [INFO  ] - server running on port: http://localhost:3000
2025-09-16 16:18:34 = [INFO  ] - MongoDB connected successfully
2025-09-16 16:19:57 = [INFO  ] - Running in undefined mode
2025-09-16 16:19:57 = [DEBUG ] - Attempting to connect to database 'sahab_test' with url: mongodb+srv://sahab:wQtWLpgj9pKp39dr@maincluster.ogtcqau.mongodb.net/?retryWrites=true&w=majority&appName=MainCluster&dbName=sahab_test
2025-09-16 16:19:57 = [INFO  ] - server running on port: http://localhost:3000
2025-09-16 16:19:58 = [INFO  ] - MongoDB connected successfully
2025-09-16 16:20:18 = [INFO  ] - Running in undefined mode
2025-09-16 16:20:18 = [DEBUG ] - Attempting to connect to database 'sahab_test' with url: mongodb+srv://sahab:wQtWLpgj9pKp39dr@maincluster.ogtcqau.mongodb.net/?retryWrites=true&w=majority&appName=MainCluster&dbName=sahab_test
2025-09-16 16:20:18 = [INFO  ] - server running on port: http://localhost:3000
2025-09-16 16:20:18 = [INFO  ] - MongoDB connected successfully
2025-09-16 16:20:35 = [INFO  ] - Running in undefined mode
2025-09-16 16:20:35 = [DEBUG ] - Attempting to connect to database 'sahab_test' with url: mongodb+srv://sahab:wQtWLpgj9pKp39dr@maincluster.ogtcqau.mongodb.net/?retryWrites=true&w=majority&appName=MainCluster&dbName=sahab_test
2025-09-16 16:20:35 = [INFO  ] - server running on port: http://localhost:3000
2025-09-16 16:20:36 = [INFO  ] - MongoDB connected successfully
2025-09-16 16:22:53 = [INFO  ] - Running in undefined mode
2025-09-16 16:22:53 = [DEBUG ] - Attempting to connect to database 'sahab_test' with url: mongodb+srv://sahab:wQtWLpgj9pKp39dr@maincluster.ogtcqau.mongodb.net/?retryWrites=true&w=majority&appName=MainCluster&dbName=sahab_test
2025-09-16 16:22:53 = [INFO  ] - server running on port: http://localhost:3000
2025-09-16 16:22:54 = [INFO  ] - MongoDB connected successfully
2025-09-16 16:23:05 = [INFO  ] - Running in undefined mode
2025-09-16 16:23:05 = [DEBUG ] - Attempting to connect to database 'sahab_test' with url: mongodb+srv://sahab:wQtWLpgj9pKp39dr@maincluster.ogtcqau.mongodb.net/?retryWrites=true&w=majority&appName=MainCluster&dbName=sahab_test
2025-09-16 16:23:05 = [INFO  ] - server running on port: http://localhost:3000
2025-09-16 16:23:06 = [INFO  ] - MongoDB connected successfully
2025-09-16 16:23:07 = [INFO  ] - Running in undefined mode
2025-09-16 16:23:07 = [DEBUG ] - Attempting to connect to database 'sahab_test' with url: mongodb+srv://sahab:wQtWLpgj9pKp39dr@maincluster.ogtcqau.mongodb.net/?retryWrites=true&w=majority&appName=MainCluster&dbName=sahab_test
2025-09-16 16:23:07 = [INFO  ] - server running on port: http://localhost:3000
2025-09-16 16:23:07 = [INFO  ] - MongoDB connected successfully
2025-09-16 16:23:29 = [INFO  ] - Running in undefined mode
2025-09-16 16:23:29 = [DEBUG ] - Attempting to connect to database 'sahab_test' with url: mongodb+srv://sahab:wQtWLpgj9pKp39dr@maincluster.ogtcqau.mongodb.net/?retryWrites=true&w=majority&appName=MainCluster&dbName=sahab_test
2025-09-16 16:23:29 = [INFO  ] - server running on port: http://localhost:3000
2025-09-16 16:23:30 = [INFO  ] - MongoDB connected successfully
2025-09-16 16:26:00 = [INFO  ] - Running in undefined mode
2025-09-16 16:26:00 = [DEBUG ] - Attempting to connect to database 'sahab_test' with url: mongodb+srv://sahab:wQtWLpgj9pKp39dr@maincluster.ogtcqau.mongodb.net/?retryWrites=true&w=majority&appName=MainCluster&dbName=sahab_test
2025-09-16 16:26:00 = [INFO  ] - server running on port: http://localhost:3000
2025-09-16 16:26:00 = [INFO  ] - MongoDB connected successfully
2025-09-16 16:26:15 = [INFO  ] - Running in undefined mode
2025-09-16 16:26:15 = [DEBUG ] - Attempting to connect to database 'sahab_test' with url: mongodb+srv://sahab:wQtWLpgj9pKp39dr@maincluster.ogtcqau.mongodb.net/?retryWrites=true&w=majority&appName=MainCluster&dbName=sahab_test
2025-09-16 16:26:15 = [INFO  ] - server running on port: http://localhost:3000
2025-09-16 16:26:16 = [INFO  ] - MongoDB connected successfully
2025-09-16 16:27:37 = [INFO  ] - Running in undefined mode
2025-09-16 16:27:37 = [DEBUG ] - Attempting to connect to database 'sahab_test' with url: mongodb+srv://sahab:wQtWLpgj9pKp39dr@maincluster.ogtcqau.mongodb.net/?retryWrites=true&w=majority&appName=MainCluster&dbName=sahab_test
2025-09-16 16:27:37 = [INFO  ] - server running on port: http://localhost:3000
2025-09-16 16:27:38 = [INFO  ] - MongoDB connected successfully
2025-09-16 16:27:53 = [INFO  ] - Running in undefined mode
2025-09-16 16:27:53 = [DEBUG ] - Attempting to connect to database 'sahab_test' with url: mongodb+srv://sahab:wQtWLpgj9pKp39dr@maincluster.ogtcqau.mongodb.net/?retryWrites=true&w=majority&appName=MainCluster&dbName=sahab_test
2025-09-16 16:27:53 = [INFO  ] - server running on port: http://localhost:3000
2025-09-16 16:27:53 = [INFO  ] - MongoDB connected successfully
2025-09-16 16:28:05 = [INFO  ] - Running in undefined mode
2025-09-16 16:28:05 = [DEBUG ] - Attempting to connect to database 'sahab_test' with url: mongodb+srv://sahab:wQtWLpgj9pKp39dr@maincluster.ogtcqau.mongodb.net/?retryWrites=true&w=majority&appName=MainCluster&dbName=sahab_test
2025-09-16 16:28:05 = [INFO  ] - server running on port: http://localhost:3000
2025-09-16 16:28:05 = [INFO  ] - MongoDB connected successfully
2025-09-16 16:28:28 = [INFO  ] - Running in undefined mode
2025-09-16 16:28:28 = [DEBUG ] - Attempting to connect to database 'sahab_test' with url: mongodb+srv://sahab:wQtWLpgj9pKp39dr@maincluster.ogtcqau.mongodb.net/?retryWrites=true&w=majority&appName=MainCluster&dbName=sahab_test
2025-09-16 16:28:28 = [INFO  ] - server running on port: http://localhost:3000
2025-09-16 16:28:28 = [INFO  ] - MongoDB connected successfully
2025-09-16 16:28:30 = [INFO  ] - Invoice deleted: 68c9bd83ff907f4afbdb7028
2025-09-16 16:28:43 = [INFO  ] - Invoice created: 68c9c87bf6138aaaba824ef0
2025-09-16 16:28:51 = [INFO  ] - Invoice updated: 68c9c87bf6138aaaba824ef0
2025-09-16 16:30:32 = [INFO  ] - Invoice updated: 68c9c87bf6138aaaba824ef0
2025-09-16 16:31:18 = [ERROR ] - Create invoice error: E11000 duplicate key error collection: sahab_test.invoices index: invoiceNumber_1 dup key: { invoiceNumber: null }
2025-09-16 16:32:04 = [INFO  ] - Running in undefined mode
2025-09-16 16:32:04 = [DEBUG ] - Attempting to connect to database 'sahab_test' with url: mongodb+srv://sahab:wQtWLpgj9pKp39dr@maincluster.ogtcqau.mongodb.net/?retryWrites=true&w=majority&appName=MainCluster&dbName=sahab_test
2025-09-16 16:32:04 = [INFO  ] - server running on port: http://localhost:3000
2025-09-16 16:32:05 = [INFO  ] - MongoDB connected successfully
2025-09-16 16:32:06 = [ERROR ] - Create invoice error: E11000 duplicate key error collection: sahab_test.invoices index: invoiceNumber_1 dup key: { invoiceNumber: null }
2025-09-16 16:32:10 = [ERROR ] - Create invoice error: E11000 duplicate key error collection: sahab_test.invoices index: invoiceNumber_1 dup key: { invoiceNumber: null }
2025-09-16 16:32:26 = [ERROR ] - Create invoice error: E11000 duplicate key error collection: sahab_test.invoices index: invoiceNumber_1 dup key: { invoiceNumber: null }
2025-09-16 16:32:55 = [INFO  ] - Running in undefined mode
2025-09-16 16:32:55 = [DEBUG ] - Attempting to connect to database 'sahab_test' with url: mongodb+srv://sahab:wQtWLpgj9pKp39dr@maincluster.ogtcqau.mongodb.net/?retryWrites=true&w=majority&appName=MainCluster&dbName=sahab_test
2025-09-16 16:32:55 = [INFO  ] - server running on port: http://localhost:3000
2025-09-16 16:32:56 = [INFO  ] - MongoDB connected successfully
2025-09-16 16:33:10 = [INFO  ] - Running in undefined mode
2025-09-16 16:33:10 = [DEBUG ] - Attempting to connect to database 'sahab_test' with url: mongodb+srv://sahab:wQtWLpgj9pKp39dr@maincluster.ogtcqau.mongodb.net/?retryWrites=true&w=majority&appName=MainCluster&dbName=sahab_test
2025-09-16 16:33:10 = [INFO  ] - server running on port: http://localhost:3000
2025-09-16 16:33:11 = [INFO  ] - MongoDB connected successfully
2025-09-16 16:35:29 = [INFO  ] - Invoice created: 68c9ca114d7792eca7b892de
2025-09-16 16:36:21 = [INFO  ] - Running in undefined mode
2025-09-16 16:36:21 = [DEBUG ] - Attempting to connect to database 'sahab_test' with url: mongodb+srv://sahab:wQtWLpgj9pKp39dr@maincluster.ogtcqau.mongodb.net/?retryWrites=true&w=majority&appName=MainCluster&dbName=sahab_test
2025-09-16 16:36:21 = [INFO  ] - server running on port: http://localhost:3000
2025-09-16 16:36:21 = [INFO  ] - MongoDB connected successfully
2025-09-16 16:36:45 = [INFO  ] - Invoice created: 68c9ca5d4f7dd4f3d184d962
2025-09-16 16:37:57 = [INFO  ] - Running in undefined mode
2025-09-16 16:37:57 = [DEBUG ] - Attempting to connect to database 'sahab_test' with url: mongodb+srv://sahab:wQtWLpgj9pKp39dr@maincluster.ogtcqau.mongodb.net/?retryWrites=true&w=majority&appName=MainCluster&dbName=sahab_test
2025-09-16 16:37:57 = [INFO  ] - server running on port: http://localhost:3000
2025-09-16 16:37:58 = [INFO  ] - MongoDB connected successfully
2025-09-16 16:38:01 = [INFO  ] - Invoice deleted: 68c9ca5d4f7dd4f3d184d962
2025-09-16 16:38:02 = [INFO  ] - Invoice deleted: 68c9ca114d7792eca7b892de
2025-09-16 16:38:11 = [INFO  ] - Invoice created: 68c9cab378920f11bb75d445
2025-09-16 16:38:44 = [INFO  ] - Running in undefined mode
2025-09-16 16:38:44 = [DEBUG ] - Attempting to connect to database 'sahab_test' with url: mongodb+srv://sahab:wQtWLpgj9pKp39dr@maincluster.ogtcqau.mongodb.net/?retryWrites=true&w=majority&appName=MainCluster&dbName=sahab_test
2025-09-16 16:38:44 = [INFO  ] - server running on port: http://localhost:3000
2025-09-16 16:38:45 = [INFO  ] - MongoDB connected successfully
2025-09-16 16:38:53 = [INFO  ] - Running in undefined mode
2025-09-16 16:38:53 = [DEBUG ] - Attempting to connect to database 'sahab_test' with url: mongodb+srv://sahab:wQtWLpgj9pKp39dr@maincluster.ogtcqau.mongodb.net/?retryWrites=true&w=majority&appName=MainCluster&dbName=sahab_test
2025-09-16 16:38:53 = [INFO  ] - server running on port: http://localhost:3000
2025-09-16 16:38:54 = [INFO  ] - MongoDB connected successfully
2025-09-16 16:39:07 = [INFO  ] - Invoice created: 68c9caeb42f4d139c949f81b
2025-09-16 16:40:09 = [INFO  ] - Running in undefined mode
2025-09-16 16:40:09 = [DEBUG ] - Attempting to connect to database 'sahab_test' with url: mongodb+srv://sahab:wQtWLpgj9pKp39dr@maincluster.ogtcqau.mongodb.net/?retryWrites=true&w=majority&appName=MainCluster&dbName=sahab_test
2025-09-16 16:40:09 = [INFO  ] - server running on port: http://localhost:3000
2025-09-16 16:40:09 = [INFO  ] - MongoDB connected successfully
2025-09-16 16:40:12 = [INFO  ] - Invoice deleted: 68c9caeb42f4d139c949f81b
2025-09-16 16:40:14 = [INFO  ] - Invoice deleted: 68c9cab378920f11bb75d445
2025-09-16 16:40:21 = [INFO  ] - Invoice created: 68c9cb35ee7691ca2bb61f47
2025-09-16 16:40:33 = [INFO  ] - Invoice updated: 68c9cb35ee7691ca2bb61f47
2025-09-16 16:42:06 = [INFO  ] - Running in undefined mode
2025-09-16 16:42:06 = [DEBUG ] - Attempting to connect to database 'sahab_test' with url: mongodb+srv://sahab:wQtWLpgj9pKp39dr@maincluster.ogtcqau.mongodb.net/?retryWrites=true&w=majority&appName=MainCluster&dbName=sahab_test
2025-09-16 16:42:06 = [INFO  ] - server running on port: http://localhost:3000
2025-09-16 16:42:07 = [INFO  ] - MongoDB connected successfully
2025-09-16 16:42:52 = [INFO  ] - Running in undefined mode
2025-09-16 16:42:52 = [DEBUG ] - Attempting to connect to database 'sahab_test' with url: mongodb+srv://sahab:wQtWLpgj9pKp39dr@maincluster.ogtcqau.mongodb.net/?retryWrites=true&w=majority&appName=MainCluster&dbName=sahab_test
2025-09-16 16:42:52 = [INFO  ] - server running on port: http://localhost:3000
2025-09-16 16:42:53 = [INFO  ] - MongoDB connected successfully
2025-09-16 16:43:39 = [INFO  ] - Running in undefined mode
2025-09-16 16:43:39 = [DEBUG ] - Attempting to connect to database 'sahab_test' with url: mongodb+srv://sahab:wQtWLpgj9pKp39dr@maincluster.ogtcqau.mongodb.net/?retryWrites=true&w=majority&appName=MainCluster&dbName=sahab_test
2025-09-16 16:43:39 = [INFO  ] - server running on port: http://localhost:3000
2025-09-16 16:43:40 = [INFO  ] - MongoDB connected successfully
2025-09-16 16:44:27 = [INFO  ] - Running in undefined mode
2025-09-16 16:44:27 = [DEBUG ] - Attempting to connect to database 'sahab_test' with url: mongodb+srv://sahab:wQtWLpgj9pKp39dr@maincluster.ogtcqau.mongodb.net/?retryWrites=true&w=majority&appName=MainCluster&dbName=sahab_test
2025-09-16 16:44:27 = [INFO  ] - server running on port: http://localhost:3000
2025-09-16 16:44:28 = [INFO  ] - MongoDB connected successfully
2025-09-17 13:04:46 = [INFO  ] - Running in undefined mode
2025-09-17 13:04:46 = [DEBUG ] - Attempting to connect to database 'sahab_test' with url: mongodb+srv://sahab:wQtWLpgj9pKp39dr@maincluster.ogtcqau.mongodb.net/?retryWrites=true&w=majority&appName=MainCluster&dbName=sahab_test
2025-09-17 13:04:46 = [INFO  ] - server running on port: http://localhost:3000
2025-09-17 13:04:47 = [INFO  ] - MongoDB connected successfully
2025-09-17 13:41:16 = [INFO  ] - Running in undefined mode
2025-09-17 13:41:16 = [DEBUG ] - Attempting to connect to database 'sahab_test' with url: mongodb+srv://sahab:wQtWLpgj9pKp39dr@maincluster.ogtcqau.mongodb.net/?retryWrites=true&w=majority&appName=MainCluster&dbName=sahab_test
2025-09-17 13:41:16 = [INFO  ] - server running on port: http://localhost:3000
2025-09-17 13:41:18 = [INFO  ] - MongoDB connected successfully
2025-09-17 13:41:22 = [INFO  ] - Client deleted: 68c9b58d671bf2eb4246cbdd
2025-09-17 13:41:28 = [INFO  ] - Invoice deleted: 68c9cb35ee7691ca2bb61f47
2025-09-17 13:43:54 = [INFO  ] - Client created: 68caf35aed36d0351c344ba9
2025-09-17 13:48:40 = [INFO  ] - Running in undefined mode
2025-09-17 13:48:40 = [DEBUG ] - Attempting to connect to database 'sahab_test' with url: mongodb+srv://sahab:wQtWLpgj9pKp39dr@maincluster.ogtcqau.mongodb.net/?retryWrites=true&w=majority&appName=MainCluster&dbName=sahab_test
2025-09-17 13:48:40 = [INFO  ] - server running on port: http://localhost:3000
2025-09-17 13:48:41 = [INFO  ] - MongoDB connected successfully
2025-09-17 13:49:03 = [INFO  ] - Running in undefined mode
2025-09-17 13:49:03 = [DEBUG ] - Attempting to connect to database 'sahab_test' with url: mongodb+srv://sahab:wQtWLpgj9pKp39dr@maincluster.ogtcqau.mongodb.net/?retryWrites=true&w=majority&appName=MainCluster&dbName=sahab_test
2025-09-17 13:49:03 = [INFO  ] - server running on port: http://localhost:3000
2025-09-17 13:49:04 = [INFO  ] - MongoDB connected successfully
2025-09-17 13:51:52 = [INFO  ] - Running in undefined mode
2025-09-17 13:51:52 = [DEBUG ] - Attempting to connect to database 'sahab_test' with url: mongodb+srv://sahab:wQtWLpgj9pKp39dr@maincluster.ogtcqau.mongodb.net/?retryWrites=true&w=majority&appName=MainCluster&dbName=sahab_test
2025-09-17 13:51:52 = [INFO  ] - server running on port: http://localhost:3000
2025-09-17 13:51:53 = [INFO  ] - MongoDB connected successfully
2025-09-17 13:51:59 = [INFO  ] - Running in undefined mode
2025-09-17 13:51:59 = [DEBUG ] - Attempting to connect to database 'sahab_test' with url: mongodb+srv://sahab:wQtWLpgj9pKp39dr@maincluster.ogtcqau.mongodb.net/?retryWrites=true&w=majority&appName=MainCluster&dbName=sahab_test
2025-09-17 13:51:59 = [INFO  ] - server running on port: http://localhost:3000
2025-09-17 13:52:00 = [INFO  ] - MongoDB connected successfully
2025-09-17 13:52:43 = [INFO  ] - Running in undefined mode
2025-09-17 13:52:43 = [DEBUG ] - Attempting to connect to database 'sahab_test' with url: mongodb+srv://sahab:wQtWLpgj9pKp39dr@maincluster.ogtcqau.mongodb.net/?retryWrites=true&w=majority&appName=MainCluster&dbName=sahab_test
2025-09-17 13:52:43 = [INFO  ] - server running on port: http://localhost:3000
2025-09-17 13:52:44 = [INFO  ] - MongoDB connected successfully
2025-09-17 13:53:10 = [ERROR ] - Create proposal error: Proposal validation failed: proposalNumber: Path `proposalNumber` is required.
2025-09-17 13:53:31 = [INFO  ] - Running in undefined mode
2025-09-17 13:53:31 = [DEBUG ] - Attempting to connect to database 'sahab_test' with url: mongodb+srv://sahab:wQtWLpgj9pKp39dr@maincluster.ogtcqau.mongodb.net/?retryWrites=true&w=majority&appName=MainCluster&dbName=sahab_test
2025-09-17 13:53:31 = [INFO  ] - server running on port: http://localhost:3000
2025-09-17 13:53:32 = [INFO  ] - MongoDB connected successfully
2025-09-17 13:53:43 = [INFO  ] - Running in undefined mode
2025-09-17 13:53:43 = [DEBUG ] - Attempting to connect to database 'sahab_test' with url: mongodb+srv://sahab:wQtWLpgj9pKp39dr@maincluster.ogtcqau.mongodb.net/?retryWrites=true&w=majority&appName=MainCluster&dbName=sahab_test
2025-09-17 13:53:43 = [INFO  ] - server running on port: http://localhost:3000
2025-09-17 13:53:44 = [INFO  ] - MongoDB connected successfully
2025-09-17 13:53:45 = [INFO  ] - Running in undefined mode
2025-09-17 13:53:45 = [DEBUG ] - Attempting to connect to database 'sahab_test' with url: mongodb+srv://sahab:wQtWLpgj9pKp39dr@maincluster.ogtcqau.mongodb.net/?retryWrites=true&w=majority&appName=MainCluster&dbName=sahab_test
2025-09-17 13:53:45 = [INFO  ] - server running on port: http://localhost:3000
2025-09-17 13:53:46 = [INFO  ] - MongoDB connected successfully
2025-09-17 13:53:51 = [INFO  ] - Proposal created: 68caf5af2814fc9837ca34e0
2025-09-17 13:57:43 = [INFO  ] - Running in undefined mode
2025-09-17 13:57:43 = [DEBUG ] - Attempting to connect to database 'sahab_test' with url: mongodb+srv://sahab:wQtWLpgj9pKp39dr@maincluster.ogtcqau.mongodb.net/?retryWrites=true&w=majority&appName=MainCluster&dbName=sahab_test
2025-09-17 13:57:43 = [INFO  ] - server running on port: http://localhost:3000
2025-09-17 13:57:44 = [INFO  ] - MongoDB connected successfully
2025-09-17 13:57:50 = [INFO  ] - Proposal status updated: 68caf5af2814fc9837ca34e0 -> accepted
2025-09-17 13:58:02 = [INFO  ] - Proposal updated: 68caf5af2814fc9837ca34e0
2025-09-17 13:58:52 = [INFO  ] - Client created: 68caf6dc648460ccf5eb179f
2025-09-17 13:59:26 = [ERROR ] - Create proposal error: E11000 duplicate key error collection: sahab_test.proposals index: proposalNumber_1 dup key: { proposalNumber: null }
2025-09-17 14:03:16 = [INFO  ] - Running in undefined mode
2025-09-17 14:03:16 = [DEBUG ] - Attempting to connect to database 'sahab_test' with url: mongodb+srv://sahab:wQtWLpgj9pKp39dr@maincluster.ogtcqau.mongodb.net/?retryWrites=true&w=majority&appName=MainCluster&dbName=sahab_test
2025-09-17 14:03:16 = [INFO  ] - server running on port: http://localhost:3000
2025-09-17 14:03:17 = [INFO  ] - MongoDB connected successfully
2025-09-17 14:04:02 = [INFO  ] - Running in undefined mode
2025-09-17 14:04:02 = [DEBUG ] - Attempting to connect to database 'sahab_test' with url: mongodb+srv://sahab:wQtWLpgj9pKp39dr@maincluster.ogtcqau.mongodb.net/?retryWrites=true&w=majority&appName=MainCluster&dbName=sahab_test
2025-09-17 14:04:02 = [INFO  ] - server running on port: http://localhost:3000
2025-09-17 14:04:03 = [INFO  ] - MongoDB connected successfully
2025-09-17 14:04:11 = [INFO  ] - Running in undefined mode
2025-09-17 14:04:11 = [DEBUG ] - Attempting to connect to database 'sahab_test' with url: mongodb+srv://sahab:wQtWLpgj9pKp39dr@maincluster.ogtcqau.mongodb.net/?retryWrites=true&w=majority&appName=MainCluster&dbName=sahab_test
2025-09-17 14:04:11 = [INFO  ] - server running on port: http://localhost:3000
2025-09-17 14:04:12 = [INFO  ] - MongoDB connected successfully
2025-09-17 14:04:25 = [INFO  ] - Running in undefined mode
2025-09-17 14:04:25 = [DEBUG ] - Attempting to connect to database 'sahab_test' with url: mongodb+srv://sahab:wQtWLpgj9pKp39dr@maincluster.ogtcqau.mongodb.net/?retryWrites=true&w=majority&appName=MainCluster&dbName=sahab_test
2025-09-17 14:04:25 = [INFO  ] - server running on port: http://localhost:3000
2025-09-17 14:04:26 = [INFO  ] - MongoDB connected successfully
2025-09-17 14:06:03 = [INFO  ] - Proposal created: 68caf88bcfa096b9da60d817
2025-09-17 14:06:14 = [INFO  ] - Proposal status updated: 68caf88bcfa096b9da60d817 -> accepted
2025-09-17 14:07:57 = [INFO  ] - Running in undefined mode
2025-09-17 14:07:57 = [DEBUG ] - Attempting to connect to database 'sahab_test' with url: mongodb+srv://sahab:wQtWLpgj9pKp39dr@maincluster.ogtcqau.mongodb.net/?retryWrites=true&w=majority&appName=MainCluster&dbName=sahab_test
2025-09-17 14:07:57 = [INFO  ] - server running on port: http://localhost:3000
2025-09-17 14:07:58 = [INFO  ] - MongoDB connected successfully
2025-09-17 14:08:57 = [INFO  ] - Invoice created: 68caf93942da7ac35a911075
2025-09-17 14:09:11 = [INFO  ] - Client updated: 68caf6dc648460ccf5eb179f
2025-09-17 14:11:14 = [INFO  ] - Client created: 68caf9c242da7ac35a9110cd
2025-09-17 14:12:06 = [INFO  ] - Client created: 68caf9f542da7ac35a9110ea
2025-09-17 14:12:41 = [INFO  ] - Running in undefined mode
2025-09-17 14:12:41 = [DEBUG ] - Attempting to connect to database 'sahab_test' with url: mongodb+srv://sahab:wQtWLpgj9pKp39dr@maincluster.ogtcqau.mongodb.net/?retryWrites=true&w=majority&appName=MainCluster&dbName=sahab_test
2025-09-17 14:12:41 = [INFO  ] - server running on port: http://localhost:3000
2025-09-17 14:12:42 = [INFO  ] - MongoDB connected successfully
2025-09-17 14:13:10 = [INFO  ] - Client updated: 68caf9f542da7ac35a9110ea
2025-09-17 14:13:27 = [INFO  ] - Client updated: 68caf9f542da7ac35a9110ea
2025-09-17 14:16:48 = [INFO  ] - Running in undefined mode
2025-09-17 14:16:48 = [DEBUG ] - Attempting to connect to database 'sahab_test' with url: mongodb+srv://sahab:wQtWLpgj9pKp39dr@maincluster.ogtcqau.mongodb.net/?retryWrites=true&w=majority&appName=MainCluster&dbName=sahab_test
2025-09-17 14:16:48 = [INFO  ] - server running on port: http://localhost:3000
2025-09-17 14:16:49 = [INFO  ] - MongoDB connected successfully
2025-09-17 14:18:32 = [INFO  ] - Running in undefined mode
2025-09-17 14:18:32 = [DEBUG ] - Attempting to connect to database 'sahab_test' with url: mongodb+srv://sahab:wQtWLpgj9pKp39dr@maincluster.ogtcqau.mongodb.net/?retryWrites=true&w=majority&appName=MainCluster&dbName=sahab_test
2025-09-17 14:18:32 = [INFO  ] - server running on port: http://localhost:3000
2025-09-17 14:18:33 = [INFO  ] - MongoDB connected successfully
2025-09-17 14:18:51 = [INFO  ] - Running in undefined mode
2025-09-17 14:18:51 = [DEBUG ] - Attempting to connect to database 'sahab_test' with url: mongodb+srv://sahab:wQtWLpgj9pKp39dr@maincluster.ogtcqau.mongodb.net/?retryWrites=true&w=majority&appName=MainCluster&dbName=sahab_test
2025-09-17 14:18:51 = [INFO  ] - server running on port: http://localhost:3000
2025-09-17 14:18:52 = [INFO  ] - MongoDB connected successfully
2025-09-17 14:19:09 = [INFO  ] - Client updated: 68caf9f542da7ac35a9110ea
2025-09-17 14:20:02 = [INFO  ] - Running in undefined mode
2025-09-17 14:20:02 = [DEBUG ] - Attempting to connect to database 'sahab_test' with url: mongodb+srv://sahab:wQtWLpgj9pKp39dr@maincluster.ogtcqau.mongodb.net/?retryWrites=true&w=majority&appName=MainCluster&dbName=sahab_test
2025-09-17 14:20:02 = [INFO  ] - server running on port: http://localhost:3000
2025-09-17 14:20:03 = [INFO  ] - MongoDB connected successfully
2025-09-17 14:20:07 = [INFO  ] - Running in undefined mode
2025-09-17 14:20:07 = [DEBUG ] - Attempting to connect to database 'sahab_test' with url: mongodb+srv://sahab:wQtWLpgj9pKp39dr@maincluster.ogtcqau.mongodb.net/?retryWrites=true&w=majority&appName=MainCluster&dbName=sahab_test
2025-09-17 14:20:07 = [INFO  ] - server running on port: http://localhost:3000
2025-09-17 14:20:08 = [INFO  ] - MongoDB connected successfully
2025-09-17 14:20:22 = [INFO  ] - Running in undefined mode
2025-09-17 14:20:22 = [DEBUG ] - Attempting to connect to database 'sahab_test' with url: mongodb+srv://sahab:wQtWLpgj9pKp39dr@maincluster.ogtcqau.mongodb.net/?retryWrites=true&w=majority&appName=MainCluster&dbName=sahab_test
2025-09-17 14:20:22 = [INFO  ] - server running on port: http://localhost:3000
2025-09-17 14:20:24 = [INFO  ] - MongoDB connected successfully
2025-09-17 14:20:31 = [INFO  ] - Client updated: 68caf9f542da7ac35a9110ea
2025-09-17 14:21:10 = [INFO  ] - Running in undefined mode
2025-09-17 14:21:10 = [DEBUG ] - Attempting to connect to database 'sahab_test' with url: mongodb+srv://sahab:wQtWLpgj9pKp39dr@maincluster.ogtcqau.mongodb.net/?retryWrites=true&w=majority&appName=MainCluster&dbName=sahab_test
2025-09-17 14:21:10 = [INFO  ] - server running on port: http://localhost:3000
2025-09-17 14:21:11 = [INFO  ] - MongoDB connected successfully
2025-09-17 14:21:15 = [INFO  ] - Updating client with data:
2025-09-17 14:21:15 = [INFO  ] - Client updated: 68caf9f542da7ac35a9110ea
2025-09-17 14:21:25 = [INFO  ] - Running in undefined mode
2025-09-17 14:21:25 = [DEBUG ] - Attempting to connect to database 'sahab_test' with url: mongodb+srv://sahab:wQtWLpgj9pKp39dr@maincluster.ogtcqau.mongodb.net/?retryWrites=true&w=majority&appName=MainCluster&dbName=sahab_test
2025-09-17 14:21:25 = [INFO  ] - server running on port: http://localhost:3000
2025-09-17 14:21:26 = [INFO  ] - MongoDB connected successfully
2025-09-17 14:21:31 = [INFO  ] - Running in undefined mode
2025-09-17 14:21:31 = [DEBUG ] - Attempting to connect to database 'sahab_test' with url: mongodb+srv://sahab:wQtWLpgj9pKp39dr@maincluster.ogtcqau.mongodb.net/?retryWrites=true&w=majority&appName=MainCluster&dbName=sahab_test
2025-09-17 14:21:31 = [INFO  ] - server running on port: http://localhost:3000
2025-09-17 14:21:32 = [INFO  ] - MongoDB connected successfully
2025-09-17 14:21:39 = [INFO  ] - Updating client 68caf9f542da7ac35a9110ea with data: {"name":"Lantern Islamic Theater","company":"Lantern Islamic Theater","status":"lead","updatedAt":"2025-09-17T18:21:39.890Z"}
2025-09-17 14:21:40 = [INFO  ] - Client updated: 68caf9f542da7ac35a9110ea
2025-09-17 14:21:49 = [INFO  ] - Running in undefined mode
2025-09-17 14:21:49 = [DEBUG ] - Attempting to connect to database 'sahab_test' with url: mongodb+srv://sahab:wQtWLpgj9pKp39dr@maincluster.ogtcqau.mongodb.net/?retryWrites=true&w=majority&appName=MainCluster&dbName=sahab_test
2025-09-17 14:21:49 = [INFO  ] - server running on port: http://localhost:3000
2025-09-17 14:21:50 = [INFO  ] - MongoDB connected successfully
2025-09-17 14:21:55 = [INFO  ] - Updating client 68caf9f542da7ac35a9110ea with data: {"name":"Lantern Islamic Theater","company":"Lantern Islamic Theater","status":"lead","updatedAt":"2025-09-17T18:21:55.650Z"}
2025-09-17 14:21:55 = [INFO  ] - Client updated: 68caf9f542da7ac35a9110ea
2025-09-17 14:22:55 = [INFO  ] - Running in undefined mode
2025-09-17 14:22:55 = [DEBUG ] - Attempting to connect to database 'sahab_test' with url: mongodb+srv://sahab:wQtWLpgj9pKp39dr@maincluster.ogtcqau.mongodb.net/?retryWrites=true&w=majority&appName=MainCluster&dbName=sahab_test
2025-09-17 14:22:55 = [INFO  ] - server running on port: http://localhost:3000
2025-09-17 14:22:56 = [INFO  ] - MongoDB connected successfully
2025-09-17 14:26:03 = [INFO  ] - Running in undefined mode
2025-09-17 14:26:03 = [DEBUG ] - Attempting to connect to database 'sahab_test' with url: mongodb+srv://sahab:wQtWLpgj9pKp39dr@maincluster.ogtcqau.mongodb.net/?retryWrites=true&w=majority&appName=MainCluster&dbName=sahab_test
2025-09-17 14:26:03 = [INFO  ] - server running on port: http://localhost:3000
2025-09-17 14:26:04 = [INFO  ] - MongoDB connected successfully
2025-09-17 14:26:50 = [INFO  ] - Updating client 68caf9f542da7ac35a9110ea with data: {"name":"Lantern Islamic Theater","company":"Lantern Islamic Theater","status":"lead","updatedAt":"2025-09-17T18:26:50.593Z"}
2025-09-17 14:26:50 = [INFO  ] - Client updated: 68caf9f542da7ac35a9110ea
2025-09-17 14:27:03 = [INFO  ] - Updating client 68caf9f542da7ac35a9110ea with data: {"name":"Lantern Islamic Theater","company":"Lantern Islamic Theater","status":"lead","updatedAt":"2025-09-17T18:27:03.014Z"}
2025-09-17 14:27:03 = [INFO  ] - Client updated: 68caf9f542da7ac35a9110ea
2025-09-17 14:28:13 = [INFO  ] - Running in undefined mode
2025-09-17 14:28:13 = [DEBUG ] - Attempting to connect to database 'sahab_test' with url: mongodb+srv://sahab:wQtWLpgj9pKp39dr@maincluster.ogtcqau.mongodb.net/?retryWrites=true&w=majority&appName=MainCluster&dbName=sahab_test
2025-09-17 14:28:13 = [INFO  ] - server running on port: http://localhost:3000
2025-09-17 14:28:14 = [INFO  ] - MongoDB connected successfully
2025-09-17 14:28:18 = [INFO  ] - Updating client 68caf9f542da7ac35a9110ea with data: {"name":"Lantern Islamic Theater","company":"Lantern Islamic Theater","status":"lead","updatedAt":"2025-09-17T18:28:18.989Z"}
2025-09-17 14:28:19 = [INFO  ] - Client updated: 68caf9f542da7ac35a9110ea
2025-09-17 14:29:23 = [INFO  ] - Running in undefined mode
2025-09-17 14:29:23 = [DEBUG ] - Attempting to connect to database 'sahab_test' with url: mongodb+srv://sahab:wQtWLpgj9pKp39dr@maincluster.ogtcqau.mongodb.net/?retryWrites=true&w=majority&appName=MainCluster&dbName=sahab_test
2025-09-17 14:29:23 = [INFO  ] - server running on port: http://localhost:3000
2025-09-17 14:29:24 = [INFO  ] - MongoDB connected successfully
2025-09-17 14:29:29 = [INFO  ] - Updating client 68caf9f542da7ac35a9110ea with data: {"name":"Lantern Islamic Theater","company":"Lantern Islamic Theater","email":null,"phone":null,"status":"lead","updatedAt":"2025-09-17T18:29:29.223Z"}
2025-09-17 14:29:29 = [INFO  ] - Client updated: 68caf9f542da7ac35a9110ea
2025-09-17 14:34:05 = [INFO  ] - Running in undefined mode
2025-09-17 14:34:05 = [DEBUG ] - Attempting to connect to database 'sahab_test' with url: mongodb+srv://sahab:wQtWLpgj9pKp39dr@maincluster.ogtcqau.mongodb.net/?retryWrites=true&w=majority&appName=MainCluster&dbName=sahab_test
2025-09-17 14:34:05 = [INFO  ] - server running on port: http://localhost:3000
2025-09-17 14:34:07 = [INFO  ] - MongoDB connected successfully
2025-09-17 14:34:32 = [INFO  ] - Client created: 68caff38fa39afa99f7eca11
2025-09-17 14:38:51 = [INFO  ] - Updating client 68caff38fa39afa99f7eca11 with data: {"name":"Gamal Elsayed","company":null,"status":"active","updatedAt":"2025-09-17T18:38:51.655Z"}
2025-09-17 14:38:51 = [INFO  ] - Client updated: 68caff38fa39afa99f7eca11
2025-09-17 14:40:20 = [INFO  ] - Running in undefined mode
2025-09-17 14:40:20 = [DEBUG ] - Attempting to connect to database 'sahab_test' with url: mongodb+srv://sahab:wQtWLpgj9pKp39dr@maincluster.ogtcqau.mongodb.net/?retryWrites=true&w=majority&appName=MainCluster&dbName=sahab_test
2025-09-17 14:40:20 = [INFO  ] - server running on port: http://localhost:3000
2025-09-17 14:40:21 = [INFO  ] - Running in undefined mode
2025-09-17 14:40:21 = [DEBUG ] - Attempting to connect to database 'sahab_test' with url: mongodb+srv://sahab:wQtWLpgj9pKp39dr@maincluster.ogtcqau.mongodb.net/?retryWrites=true&w=majority&appName=MainCluster&dbName=sahab_test
2025-09-17 14:40:21 = [INFO  ] - server running on port: http://localhost:3000
2025-09-17 14:40:23 = [INFO  ] - Running in undefined mode
2025-09-17 14:40:23 = [DEBUG ] - Attempting to connect to database 'sahab_test' with url: mongodb+srv://sahab:wQtWLpgj9pKp39dr@maincluster.ogtcqau.mongodb.net/?retryWrites=true&w=majority&appName=MainCluster&dbName=sahab_test
2025-09-17 14:40:23 = [INFO  ] - server running on port: http://localhost:3000
2025-09-17 14:40:24 = [INFO  ] - MongoDB connected successfully
2025-09-17 14:40:31 = [INFO  ] - Running in undefined mode
2025-09-17 14:40:31 = [DEBUG ] - Attempting to connect to database 'sahab_test' with url: mongodb+srv://sahab:wQtWLpgj9pKp39dr@maincluster.ogtcqau.mongodb.net/?retryWrites=true&w=majority&appName=MainCluster&dbName=sahab_test
2025-09-17 14:40:31 = [INFO  ] - server running on port: http://localhost:3000
2025-09-17 14:40:32 = [INFO  ] - MongoDB connected successfully
2025-09-17 14:40:39 = [INFO  ] - Running in undefined mode
2025-09-17 14:40:39 = [DEBUG ] - Attempting to connect to database 'sahab_test' with url: mongodb+srv://sahab:wQtWLpgj9pKp39dr@maincluster.ogtcqau.mongodb.net/?retryWrites=true&w=majority&appName=MainCluster&dbName=sahab_test
2025-09-17 14:40:39 = [INFO  ] - server running on port: http://localhost:3000
2025-09-17 14:40:41 = [INFO  ] - MongoDB connected successfully
2025-09-17 14:40:46 = [INFO  ] - Running in undefined mode
2025-09-17 14:40:46 = [DEBUG ] - Attempting to connect to database 'sahab_test' with url: mongodb+srv://sahab:wQtWLpgj9pKp39dr@maincluster.ogtcqau.mongodb.net/?retryWrites=true&w=majority&appName=MainCluster&dbName=sahab_test
2025-09-17 14:40:46 = [INFO  ] - server running on port: http://localhost:3000
2025-09-17 14:40:47 = [INFO  ] - MongoDB connected successfully
2025-09-17 14:40:51 = [INFO  ] - Updating client 68caff38fa39afa99f7eca11 with data: {"name":"Gamal Elsayed","company":null,"status":"active","updatedAt":"2025-09-17T18:40:51.144Z"}
2025-09-17 14:40:51 = [INFO  ] - Client updated: 68caff38fa39afa99f7eca11
2025-09-17 14:41:04 = [INFO  ] - Running in undefined mode
2025-09-17 14:41:04 = [DEBUG ] - Attempting to connect to database 'sahab_test' with url: mongodb+srv://sahab:wQtWLpgj9pKp39dr@maincluster.ogtcqau.mongodb.net/?retryWrites=true&w=majority&appName=MainCluster&dbName=sahab_test
2025-09-17 14:41:04 = [INFO  ] - server running on port: http://localhost:3000
2025-09-17 14:41:05 = [INFO  ] - MongoDB connected successfully
2025-09-17 14:41:13 = [INFO  ] - Running in undefined mode
2025-09-17 14:41:13 = [DEBUG ] - Attempting to connect to database 'sahab_test' with url: mongodb+srv://sahab:wQtWLpgj9pKp39dr@maincluster.ogtcqau.mongodb.net/?retryWrites=true&w=majority&appName=MainCluster&dbName=sahab_test
2025-09-17 14:41:13 = [INFO  ] - server running on port: http://localhost:3000
2025-09-17 14:41:14 = [INFO  ] - MongoDB connected successfully
2025-09-17 14:41:21 = [INFO  ] - Updating client 68caff38fa39afa99f7eca11 with data: {"name":"Gamal Elsayed","company":null,"status":"active","updatedAt":"2025-09-17T18:41:21.574Z"}
2025-09-17 14:41:21 = [INFO  ] - Client updated: 68caff38fa39afa99f7eca11
2025-09-17 14:41:37 = [INFO  ] - Running in undefined mode
2025-09-17 14:41:37 = [DEBUG ] - Attempting to connect to database 'sahab_test' with url: mongodb+srv://sahab:wQtWLpgj9pKp39dr@maincluster.ogtcqau.mongodb.net/?retryWrites=true&w=majority&appName=MainCluster&dbName=sahab_test
2025-09-17 14:41:37 = [INFO  ] - server running on port: http://localhost:3000
2025-09-17 14:41:39 = [INFO  ] - MongoDB connected successfully
2025-09-17 14:41:52 = [INFO  ] - Running in undefined mode
2025-09-17 14:41:52 = [DEBUG ] - Attempting to connect to database 'sahab_test' with url: mongodb+srv://sahab:wQtWLpgj9pKp39dr@maincluster.ogtcqau.mongodb.net/?retryWrites=true&w=majority&appName=MainCluster&dbName=sahab_test
2025-09-17 14:41:52 = [INFO  ] - server running on port: http://localhost:3000
2025-09-17 14:41:53 = [INFO  ] - MongoDB connected successfully
2025-09-17 14:41:59 = [INFO  ] - Updating client 68caff38fa39afa99f7eca11 with data: {"name":"Gamal Elsayed","company":null,"status":"active","updatedAt":"2025-09-17T18:41:59.494Z"}
2025-09-17 14:41:59 = [INFO  ] - Client updated: 68caff38fa39afa99f7eca11
2025-09-17 14:42:23 = [INFO  ] - Running in undefined mode
2025-09-17 14:42:23 = [DEBUG ] - Attempting to connect to database 'sahab_test' with url: mongodb+srv://sahab:wQtWLpgj9pKp39dr@maincluster.ogtcqau.mongodb.net/?retryWrites=true&w=majority&appName=MainCluster&dbName=sahab_test
2025-09-17 14:42:23 = [INFO  ] - server running on port: http://localhost:3000
2025-09-17 14:42:24 = [INFO  ] - MongoDB connected successfully
2025-09-17 14:42:29 = [INFO  ] - Updating client 68caff38fa39afa99f7eca11 with data: {"name":"Gamal Elsayed","company":null,"status":"active","updatedAt":"2025-09-17T18:42:29.037Z"}
2025-09-17 14:42:29 = [INFO  ] - Client updated: 68caff38fa39afa99f7eca11
2025-09-17 14:43:27 = [INFO  ] - Running in undefined mode
2025-09-17 14:43:27 = [DEBUG ] - Attempting to connect to database 'sahab_test' with url: mongodb+srv://sahab:wQtWLpgj9pKp39dr@maincluster.ogtcqau.mongodb.net/?retryWrites=true&w=majority&appName=MainCluster&dbName=sahab_test
2025-09-17 14:43:27 = [INFO  ] - server running on port: http://localhost:3000
2025-09-17 14:43:28 = [INFO  ] - MongoDB connected successfully
2025-09-17 14:43:34 = [INFO  ] - Updating client 68caff38fa39afa99f7eca11 with data: {"name":"Gamal Elsayed","company":null,"status":"active","updatedAt":"2025-09-17T18:43:34.103Z"}
2025-09-17 14:43:34 = [INFO  ] - Client updated: 68caff38fa39afa99f7eca11
2025-09-17 14:43:48 = [INFO  ] - Running in undefined mode
2025-09-17 14:43:48 = [DEBUG ] - Attempting to connect to database 'sahab_test' with url: mongodb+srv://sahab:wQtWLpgj9pKp39dr@maincluster.ogtcqau.mongodb.net/?retryWrites=true&w=majority&appName=MainCluster&dbName=sahab_test
2025-09-17 14:43:48 = [INFO  ] - server running on port: http://localhost:3000
2025-09-17 14:43:49 = [INFO  ] - MongoDB connected successfully
2025-09-17 14:43:53 = [INFO  ] - Updating client 68caff38fa39afa99f7eca11 with data: {"name":"Gamal Elsayed","company":null,"email":"medicaz09@gmail.comm","phone":"+1 (317) 992-3132","status":"active","updatedAt":"2025-09-17T18:43:53.263Z"}
2025-09-17 14:43:53 = [INFO  ] - Client updated: 68caff38fa39afa99f7eca11
2025-09-17 14:43:59 = [INFO  ] - Updating client 68caff38fa39afa99f7eca11 with data: {"name":"Gamal Elsayed","company":null,"email":"medicaz09@gmail.com","phone":"+1 (317) 992-3132","status":"active","updatedAt":"2025-09-17T18:43:59.881Z"}
2025-09-17 14:43:59 = [INFO  ] - Client updated: 68caff38fa39afa99f7eca11
2025-09-17 14:44:33 = [INFO  ] - Client created: 68cb0191d3dc7c2be72c829f
2025-09-17 14:44:38 = [INFO  ] - Updating client 68cb0191d3dc7c2be72c829f with data: {"name":"AlhudaSpark","email":"info@alhudaspark.org","phone":null,"company":"AlhudaSpark","website":null,"status":"active","industry":"technology","notes":"","updatedAt":"2025-09-17T18:44:38.508Z"}
2025-09-17 14:44:38 = [INFO  ] - Client updated: 68cb0191d3dc7c2be72c829f
2025-09-17 14:44:52 = [INFO  ] - Updating client 68cb0191d3dc7c2be72c829f with data: {"name":"AlhudaSpark","email":"info@alhudaspark.org","phone":null,"company":"AlhudaSpark","website":null,"status":"active","industry":"technology","notes":"","updatedAt":"2025-09-17T18:44:52.194Z"}
2025-09-17 14:44:52 = [INFO  ] - Client updated: 68cb0191d3dc7c2be72c829f
2025-09-17 14:44:57 = [INFO  ] - Updating client 68cb0191d3dc7c2be72c829f with data: {"name":"AlhudaSpark","email":"info@alhudaspark.org","phone":null,"company":"AlhudaSpark","website":null,"status":"active","industry":"technology","notes":"","updatedAt":"2025-09-17T18:44:57.185Z"}
2025-09-17 14:44:57 = [INFO  ] - Client updated: 68cb0191d3dc7c2be72c829f
2025-09-17 14:45:07 = [INFO  ] - Updating client 68cb0191d3dc7c2be72c829f with data: {"name":"AlhudaSpark","email":"info@alhudaspark.org","phone":null,"company":"AlhudaSpark","website":null,"status":"active","industry":"technology","notes":"","updatedAt":"2025-09-17T18:45:07.363Z"}
2025-09-17 14:45:07 = [INFO  ] - Client updated: 68cb0191d3dc7c2be72c829f
2025-09-17 14:45:34 = [INFO  ] - Updating client 68cb0191d3dc7c2be72c829f with data: {"name":"AlhudaSpark","email":"info@alhudaspark.org","phone":null,"company":"AlhudaSpark","website":null,"status":"active","industry":"technology","notes":"","updatedAt":"2025-09-17T18:45:34.608Z"}
2025-09-17 14:45:34 = [INFO  ] - Client updated: 68cb0191d3dc7c2be72c829f
2025-09-17 14:45:47 = [INFO  ] - Running in undefined mode
2025-09-17 14:45:47 = [DEBUG ] - Attempting to connect to database 'sahab_test' with url: mongodb+srv://sahab:wQtWLpgj9pKp39dr@maincluster.ogtcqau.mongodb.net/?retryWrites=true&w=majority&appName=MainCluster&dbName=sahab_test
2025-09-17 14:45:48 = [INFO  ] - server running on port: http://localhost:3000
2025-09-17 14:45:49 = [INFO  ] - MongoDB connected successfully
2025-09-17 14:45:49 = [INFO  ] - Updating client 68cb0191d3dc7c2be72c829f with data: {"name":"AlhudaSpark","email":"info@alhudaspark.org","phone":null,"company":"AlhudaSpark","website":null,"status":"active","industry":"technology","notes":"","updatedAt":"2025-09-17T18:45:49.561Z"}
2025-09-17 14:45:49 = [INFO  ] - Client updated: 68cb0191d3dc7c2be72c829f
2025-09-17 14:46:05 = [INFO  ] - Running in undefined mode
2025-09-17 14:46:05 = [DEBUG ] - Attempting to connect to database 'sahab_test' with url: mongodb+srv://sahab:wQtWLpgj9pKp39dr@maincluster.ogtcqau.mongodb.net/?retryWrites=true&w=majority&appName=MainCluster&dbName=sahab_test
2025-09-17 14:46:05 = [INFO  ] - server running on port: http://localhost:3000
2025-09-17 14:46:06 = [INFO  ] - MongoDB connected successfully
2025-09-17 14:46:40 = [INFO  ] - Running in undefined mode
2025-09-17 14:46:40 = [DEBUG ] - Attempting to connect to database 'sahab_test' with url: mongodb+srv://sahab:wQtWLpgj9pKp39dr@maincluster.ogtcqau.mongodb.net/?retryWrites=true&w=majority&appName=MainCluster&dbName=sahab_test
2025-09-17 14:46:40 = [INFO  ] - server running on port: http://localhost:3000
2025-09-17 14:46:41 = [INFO  ] - MongoDB connected successfully
2025-09-17 14:46:45 = [INFO  ] - Client updated: 68cb0191d3dc7c2be72c829f
2025-09-17 14:48:08 = [INFO  ] - Running in undefined mode
2025-09-17 14:48:08 = [DEBUG ] - Attempting to connect to database 'sahab_test' with url: mongodb+srv://sahab:wQtWLpgj9pKp39dr@maincluster.ogtcqau.mongodb.net/?retryWrites=true&w=majority&appName=MainCluster&dbName=sahab_test
2025-09-17 14:48:08 = [INFO  ] - server running on port: http://localhost:3000
2025-09-17 14:48:09 = [INFO  ] - MongoDB connected successfully
2025-09-17 14:48:12 = [INFO  ] - Client updated: 68cb0191d3dc7c2be72c829f
2025-09-17 14:48:21 = [INFO  ] - Running in undefined mode
2025-09-17 14:48:21 = [DEBUG ] - Attempting to connect to database 'sahab_test' with url: mongodb+srv://sahab:wQtWLpgj9pKp39dr@maincluster.ogtcqau.mongodb.net/?retryWrites=true&w=majority&appName=MainCluster&dbName=sahab_test
2025-09-17 14:48:21 = [INFO  ] - server running on port: http://localhost:3000
2025-09-17 14:48:21 = [INFO  ] - MongoDB connected successfully
2025-09-17 14:48:24 = [INFO  ] - Running in undefined mode
2025-09-17 14:48:24 = [DEBUG ] - Attempting to connect to database 'sahab_test' with url: mongodb+srv://sahab:wQtWLpgj9pKp39dr@maincluster.ogtcqau.mongodb.net/?retryWrites=true&w=majority&appName=MainCluster&dbName=sahab_test
2025-09-17 14:48:24 = [INFO  ] - server running on port: http://localhost:3000
2025-09-17 14:48:25 = [INFO  ] - MongoDB connected successfully
2025-09-17 14:48:29 = [INFO  ] - Client updated: 68cb0191d3dc7c2be72c829f
2025-09-17 14:49:58 = [INFO  ] - Running in undefined mode
2025-09-17 14:49:58 = [DEBUG ] - Attempting to connect to database 'sahab_test' with url: mongodb+srv://sahab:wQtWLpgj9pKp39dr@maincluster.ogtcqau.mongodb.net/?retryWrites=true&w=majority&appName=MainCluster&dbName=sahab_test
2025-09-17 14:49:58 = [INFO  ] - server running on port: http://localhost:3000
2025-09-17 14:49:59 = [INFO  ] - MongoDB connected successfully
2025-09-17 14:50:59 = [INFO  ] - Running in undefined mode
2025-09-17 14:50:59 = [DEBUG ] - Attempting to connect to database 'sahab_test' with url: mongodb+srv://sahab:wQtWLpgj9pKp39dr@maincluster.ogtcqau.mongodb.net/?retryWrites=true&w=majority&appName=MainCluster&dbName=sahab_test
2025-09-17 14:50:59 = [INFO  ] - server running on port: http://localhost:3000
2025-09-17 14:51:01 = [INFO  ] - Running in undefined mode
2025-09-17 14:51:01 = [DEBUG ] - Attempting to connect to database 'sahab_test' with url: mongodb+srv://sahab:wQtWLpgj9pKp39dr@maincluster.ogtcqau.mongodb.net/?retryWrites=true&w=majority&appName=MainCluster&dbName=sahab_test
2025-09-17 14:51:01 = [INFO  ] - server running on port: http://localhost:3000
2025-09-17 14:51:02 = [INFO  ] - MongoDB connected successfully
2025-09-17 14:51:57 = [INFO  ] - Running in undefined mode
2025-09-17 14:51:57 = [DEBUG ] - Attempting to connect to database 'sahab_test' with url: mongodb+srv://sahab:wQtWLpgj9pKp39dr@maincluster.ogtcqau.mongodb.net/?retryWrites=true&w=majority&appName=MainCluster&dbName=sahab_test
2025-09-17 14:51:57 = [INFO  ] - server running on port: http://localhost:3000
2025-09-17 14:51:58 = [INFO  ] - MongoDB connected successfully
2025-09-17 14:53:25 = [INFO  ] - Client created: 68cb03a4ea2d267ac87eafff
2025-09-17 15:02:07 = [INFO  ] - Running in undefined mode
2025-09-17 15:02:07 = [DEBUG ] - Attempting to connect to database 'sahab_test' with url: mongodb+srv://sahab:wQtWLpgj9pKp39dr@maincluster.ogtcqau.mongodb.net/?retryWrites=true&w=majority&appName=MainCluster&dbName=sahab_test
2025-09-17 15:02:07 = [INFO  ] - server running on port: http://localhost:3000
2025-09-17 15:02:08 = [INFO  ] - MongoDB connected successfully
2025-09-17 15:02:30 = [INFO  ] - Invoice updated: 68caf93942da7ac35a911075
2025-09-17 15:03:04 = [INFO  ] - Invoice created: 68cb05e8a5c74e4dcde7f0ee
2025-09-17 15:03:15 = [INFO  ] - Invoice updated: 68cb05e8a5c74e4dcde7f0ee
2025-09-17 15:05:37 = [INFO  ] - Invoice created: 68cb0681a5c74e4dcde7f10e
2025-09-17 15:06:17 = [INFO  ] - Invoice created: 68cb06a9a5c74e4dcde7f11c
2025-09-17 15:06:36 = [INFO  ] - Running in undefined mode
2025-09-17 15:06:36 = [DEBUG ] - Attempting to connect to database 'sahab_test' with url: mongodb+srv://sahab:wQtWLpgj9pKp39dr@maincluster.ogtcqau.mongodb.net/?retryWrites=true&w=majority&appName=MainCluster&dbName=sahab_test
2025-09-17 15:06:36 = [INFO  ] - server running on port: http://localhost:3000
2025-09-17 15:06:38 = [INFO  ] - MongoDB connected successfully
2025-09-17 15:07:42 = [INFO  ] - Invoice created: 68cb06fe1d1a15c436326688
2025-09-17 15:08:18 = [INFO  ] - Invoice created: 68cb07221d1a15c436326696
2025-09-17 15:08:46 = [INFO  ] - Invoice created: 68cb073e1d1a15c4363266a4
2025-09-17 15:08:57 = [INFO  ] - Invoice updated: 68cb073e1d1a15c4363266a4
2025-09-17 15:22:40 = [INFO  ] - Running in undefined mode
2025-09-17 15:22:40 = [DEBUG ] - Attempting to connect to database 'sahab_test' with url: mongodb+srv://sahab:wQtWLpgj9pKp39dr@maincluster.ogtcqau.mongodb.net/?retryWrites=true&w=majority&appName=MainCluster&dbName=sahab_test
2025-09-17 15:22:40 = [INFO  ] - server running on port: http://localhost:3000
2025-09-17 15:22:41 = [INFO  ] - MongoDB connected successfully
2025-09-17 15:22:43 = [INFO  ] - Running in undefined mode
2025-09-17 15:22:43 = [DEBUG ] - Attempting to connect to database 'sahab_test' with url: mongodb+srv://sahab:wQtWLpgj9pKp39dr@maincluster.ogtcqau.mongodb.net/?retryWrites=true&w=majority&appName=MainCluster&dbName=sahab_test
2025-09-17 15:22:43 = [INFO  ] - server running on port: http://localhost:3000
2025-09-17 15:22:44 = [INFO  ] - MongoDB connected successfully
2025-09-17 15:23:24 = [INFO  ] - Running in undefined mode
2025-09-17 15:23:24 = [DEBUG ] - Attempting to connect to database 'sahab_test' with url: mongodb+srv://sahab:wQtWLpgj9pKp39dr@maincluster.ogtcqau.mongodb.net/?retryWrites=true&w=majority&appName=MainCluster&dbName=sahab_test
2025-09-17 15:23:24 = [INFO  ] - server running on port: http://localhost:3000
2025-09-17 15:23:25 = [INFO  ] - MongoDB connected successfully
2025-09-17 15:24:17 = [INFO  ] - Running in undefined mode
2025-09-17 15:24:17 = [DEBUG ] - Attempting to connect to database 'sahab_test' with url: mongodb+srv://sahab:wQtWLpgj9pKp39dr@maincluster.ogtcqau.mongodb.net/?retryWrites=true&w=majority&appName=MainCluster&dbName=sahab_test
2025-09-17 15:24:17 = [INFO  ] - server running on port: http://localhost:3000
2025-09-17 15:24:18 = [INFO  ] - MongoDB connected successfully
2025-09-17 15:25:07 = [INFO  ] - Running in undefined mode
2025-09-17 15:25:07 = [DEBUG ] - Attempting to connect to database 'sahab_test' with url: mongodb+srv://sahab:wQtWLpgj9pKp39dr@maincluster.ogtcqau.mongodb.net/?retryWrites=true&w=majority&appName=MainCluster&dbName=sahab_test
2025-09-17 15:25:07 = [INFO  ] - server running on port: http://localhost:3000
2025-09-17 15:25:08 = [INFO  ] - MongoDB connected successfully
2025-09-17 15:25:38 = [INFO  ] - Running in undefined mode
2025-09-17 15:25:38 = [DEBUG ] - Attempting to connect to database 'sahab_test' with url: mongodb+srv://sahab:wQtWLpgj9pKp39dr@maincluster.ogtcqau.mongodb.net/?retryWrites=true&w=majority&appName=MainCluster&dbName=sahab_test
2025-09-17 15:25:38 = [INFO  ] - server running on port: http://localhost:3000
2025-09-17 15:25:40 = [INFO  ] - MongoDB connected successfully
2025-09-17 15:25:49 = [INFO  ] - Running in undefined mode
2025-09-17 15:25:49 = [DEBUG ] - Attempting to connect to database 'sahab_test' with url: mongodb+srv://sahab:wQtWLpgj9pKp39dr@maincluster.ogtcqau.mongodb.net/?retryWrites=true&w=majority&appName=MainCluster&dbName=sahab_test
2025-09-17 15:25:49 = [INFO  ] - server running on port: http://localhost:3000
2025-09-17 15:25:50 = [INFO  ] - MongoDB connected successfully
2025-09-17 15:27:30 = [INFO  ] - Running in undefined mode
2025-09-17 15:27:30 = [INFO  ] - Running in undefined mode
2025-09-17 15:27:30 = [DEBUG ] - Attempting to connect to database 'sahab_test' with url: mongodb+srv://sahab:wQtWLpgj9pKp39dr@maincluster.ogtcqau.mongodb.net/?retryWrites=true&w=majority&appName=MainCluster&dbName=sahab_test
2025-09-17 15:27:30 = [INFO  ] - server running on port: http://localhost:3000
2025-09-17 15:27:30 = [DEBUG ] - Attempting to connect to database 'sahab_test' with url: mongodb+srv://sahab:wQtWLpgj9pKp39dr@maincluster.ogtcqau.mongodb.net/?retryWrites=true&w=majority&appName=MainCluster&dbName=sahab_test
2025-09-17 15:27:30 = [INFO  ] - server running on port: http://localhost:3000
2025-09-17 15:27:31 = [INFO  ] - MongoDB connected successfully
2025-09-17 15:27:31 = [INFO  ] - MongoDB connected successfully
2025-09-17 15:27:38 = [INFO  ] - Running in undefined mode
2025-09-17 15:27:38 = [INFO  ] - Running in undefined mode
2025-09-17 15:27:38 = [DEBUG ] - Attempting to connect to database 'sahab_test' with url: mongodb+srv://sahab:wQtWLpgj9pKp39dr@maincluster.ogtcqau.mongodb.net/?retryWrites=true&w=majority&appName=MainCluster&dbName=sahab_test
2025-09-17 15:27:38 = [INFO  ] - server running on port: http://localhost:3000
2025-09-17 15:27:38 = [DEBUG ] - Attempting to connect to database 'sahab_test' with url: mongodb+srv://sahab:wQtWLpgj9pKp39dr@maincluster.ogtcqau.mongodb.net/?retryWrites=true&w=majority&appName=MainCluster&dbName=sahab_test
2025-09-17 15:27:38 = [INFO  ] - server running on port: http://localhost:3000
2025-09-17 15:27:39 = [INFO  ] - MongoDB connected successfully
2025-09-17 15:27:39 = [INFO  ] - MongoDB connected successfully
2025-09-17 15:27:45 = [INFO  ] - Running in undefined mode
2025-09-17 15:27:45 = [DEBUG ] - Attempting to connect to database 'sahab_test' with url: mongodb+srv://sahab:wQtWLpgj9pKp39dr@maincluster.ogtcqau.mongodb.net/?retryWrites=true&w=majority&appName=MainCluster&dbName=sahab_test
2025-09-17 15:27:45 = [INFO  ] - server running on port: http://localhost:3000
2025-09-17 15:27:45 = [INFO  ] - Running in undefined mode
2025-09-17 15:27:45 = [DEBUG ] - Attempting to connect to database 'sahab_test' with url: mongodb+srv://sahab:wQtWLpgj9pKp39dr@maincluster.ogtcqau.mongodb.net/?retryWrites=true&w=majority&appName=MainCluster&dbName=sahab_test
2025-09-17 15:27:45 = [INFO  ] - server running on port: http://localhost:3000
2025-09-17 15:27:45 = [INFO  ] - MongoDB connected successfully
2025-09-17 15:27:46 = [INFO  ] - MongoDB connected successfully
2025-09-17 15:27:48 = [INFO  ] - Running in undefined mode
2025-09-17 15:27:48 = [INFO  ] - Running in undefined mode
2025-09-17 15:27:48 = [DEBUG ] - Attempting to connect to database 'sahab_test' with url: mongodb+srv://sahab:wQtWLpgj9pKp39dr@maincluster.ogtcqau.mongodb.net/?retryWrites=true&w=majority&appName=MainCluster&dbName=sahab_test
2025-09-17 15:27:48 = [INFO  ] - server running on port: http://localhost:3000
2025-09-17 15:27:48 = [DEBUG ] - Attempting to connect to database 'sahab_test' with url: mongodb+srv://sahab:wQtWLpgj9pKp39dr@maincluster.ogtcqau.mongodb.net/?retryWrites=true&w=majority&appName=MainCluster&dbName=sahab_test
2025-09-17 15:27:48 = [INFO  ] - server running on port: http://localhost:3000
2025-09-17 15:27:49 = [INFO  ] - MongoDB connected successfully
2025-09-17 15:27:49 = [INFO  ] - MongoDB connected successfully
2025-09-17 15:28:08 = [INFO  ] - Running in undefined mode
2025-09-17 15:28:08 = [INFO  ] - Running in undefined mode
2025-09-17 15:28:08 = [DEBUG ] - Attempting to connect to database 'sahab_test' with url: mongodb+srv://sahab:wQtWLpgj9pKp39dr@maincluster.ogtcqau.mongodb.net/?retryWrites=true&w=majority&appName=MainCluster&dbName=sahab_test
2025-09-17 15:28:09 = [INFO  ] - server running on port: http://localhost:3000
2025-09-17 15:28:08 = [DEBUG ] - Attempting to connect to database 'sahab_test' with url: mongodb+srv://sahab:wQtWLpgj9pKp39dr@maincluster.ogtcqau.mongodb.net/?retryWrites=true&w=majority&appName=MainCluster&dbName=sahab_test
2025-09-17 15:28:09 = [INFO  ] - server running on port: http://localhost:3000
2025-09-17 15:28:09 = [INFO  ] - MongoDB connected successfully
2025-09-17 15:28:09 = [INFO  ] - MongoDB connected successfully
2025-09-17 15:33:31 = [INFO  ] - Running in undefined mode
2025-09-17 15:33:31 = [INFO  ] - Running in undefined mode
2025-09-17 15:33:31 = [DEBUG ] - Attempting to connect to database 'sahab_test' with url: mongodb+srv://sahab:wQtWLpgj9pKp39dr@maincluster.ogtcqau.mongodb.net/?retryWrites=true&w=majority&appName=MainCluster&dbName=sahab_test
2025-09-17 15:33:31 = [INFO  ] - server running on port: http://localhost:3000
2025-09-17 15:33:31 = [DEBUG ] - Attempting to connect to database 'sahab_test' with url: mongodb+srv://sahab:wQtWLpgj9pKp39dr@maincluster.ogtcqau.mongodb.net/?retryWrites=true&w=majority&appName=MainCluster&dbName=sahab_test
2025-09-17 15:33:31 = [INFO  ] - server running on port: http://localhost:3000
2025-09-17 15:33:32 = [INFO  ] - MongoDB connected successfully
2025-09-17 15:33:32 = [INFO  ] - MongoDB connected successfully
2025-09-17 15:33:59 = [INFO  ] - Running in undefined mode
2025-09-17 15:33:59 = [DEBUG ] - Attempting to connect to database 'sahab_test' with url: mongodb+srv://sahab:wQtWLpgj9pKp39dr@maincluster.ogtcqau.mongodb.net/?retryWrites=true&w=majority&appName=MainCluster&dbName=sahab_test
2025-09-17 15:33:59 = [INFO  ] - server running on port: http://localhost:3000
2025-09-17 15:33:59 = [INFO  ] - Running in undefined mode
2025-09-17 15:33:59 = [DEBUG ] - Attempting to connect to database 'sahab_test' with url: mongodb+srv://sahab:wQtWLpgj9pKp39dr@maincluster.ogtcqau.mongodb.net/?retryWrites=true&w=majority&appName=MainCluster&dbName=sahab_test
2025-09-17 15:33:59 = [INFO  ] - server running on port: http://localhost:3000
2025-09-17 15:34:00 = [INFO  ] - MongoDB connected successfully
2025-09-17 15:34:00 = [INFO  ] - MongoDB connected successfully
2025-09-17 15:36:21 = [INFO  ] - Running in undefined mode
2025-09-17 15:36:21 = [INFO  ] - Running in undefined mode
2025-09-17 15:36:21 = [DEBUG ] - Attempting to connect to database 'sahab_test' with url: mongodb+srv://sahab:wQtWLpgj9pKp39dr@maincluster.ogtcqau.mongodb.net/?retryWrites=true&w=majority&appName=MainCluster&dbName=sahab_test
2025-09-17 15:36:21 = [INFO  ] - server running on port: http://localhost:3000
2025-09-17 15:36:21 = [DEBUG ] - Attempting to connect to database 'sahab_test' with url: mongodb+srv://sahab:wQtWLpgj9pKp39dr@maincluster.ogtcqau.mongodb.net/?retryWrites=true&w=majority&appName=MainCluster&dbName=sahab_test
2025-09-17 15:36:21 = [INFO  ] - server running on port: http://localhost:3000
2025-09-17 15:36:22 = [INFO  ] - MongoDB connected successfully
2025-09-17 15:36:22 = [INFO  ] - MongoDB connected successfully
2025-09-17 15:37:18 = [INFO  ] - Running in undefined mode
2025-09-17 15:37:18 = [INFO  ] - Running in undefined mode
2025-09-17 15:37:18 = [DEBUG ] - Attempting to connect to database 'sahab_test' with url: mongodb+srv://sahab:wQtWLpgj9pKp39dr@maincluster.ogtcqau.mongodb.net/?retryWrites=true&w=majority&appName=MainCluster&dbName=sahab_test
2025-09-17 15:37:18 = [INFO  ] - server running on port: http://localhost:3000
2025-09-17 15:37:18 = [DEBUG ] - Attempting to connect to database 'sahab_test' with url: mongodb+srv://sahab:wQtWLpgj9pKp39dr@maincluster.ogtcqau.mongodb.net/?retryWrites=true&w=majority&appName=MainCluster&dbName=sahab_test
2025-09-17 15:37:18 = [INFO  ] - server running on port: http://localhost:3000
2025-09-17 15:37:19 = [INFO  ] - MongoDB connected successfully
2025-09-17 15:37:19 = [INFO  ] - MongoDB connected successfully
2025-09-17 15:37:28 = [INFO  ] - Expense created: 68cb0df787828df4d1770019
2025-09-17 15:39:19 = [INFO  ] - Running in undefined mode
2025-09-17 15:39:19 = [INFO  ] - Running in undefined mode
2025-09-17 15:39:19 = [DEBUG ] - Attempting to connect to database 'sahab_test' with url: mongodb+srv://sahab:wQtWLpgj9pKp39dr@maincluster.ogtcqau.mongodb.net/?retryWrites=true&w=majority&appName=MainCluster&dbName=sahab_test
2025-09-17 15:39:19 = [INFO  ] - server running on port: http://localhost:3000
2025-09-17 15:39:19 = [DEBUG ] - Attempting to connect to database 'sahab_test' with url: mongodb+srv://sahab:wQtWLpgj9pKp39dr@maincluster.ogtcqau.mongodb.net/?retryWrites=true&w=majority&appName=MainCluster&dbName=sahab_test
2025-09-17 15:39:19 = [INFO  ] - server running on port: http://localhost:3000
2025-09-17 15:39:21 = [INFO  ] - MongoDB connected successfully
2025-09-17 15:39:21 = [INFO  ] - MongoDB connected successfully
